mode: atomic
github.com/nambuivu/quiz-server/internal/config/config.go:16.20,22.2 1 2
github.com/nambuivu/quiz-server/internal/handler/handler.go:32.121,43.48 1 0
github.com/nambuivu/quiz-server/internal/handler/handler.go:43.48,43.63 1 0
github.com/nambuivu/quiz-server/internal/handler/handler.go:50.54,60.2 9 0
github.com/nambuivu/quiz-server/internal/handler/handler.go:63.66,71.20 6 0
github.com/nambuivu/quiz-server/internal/handler/handler.go:71.20,72.49 1 0
github.com/nambuivu/quiz-server/internal/handler/handler.go:72.49,75.4 2 0
github.com/nambuivu/quiz-server/internal/handler/handler.go:76.8,78.3 1 0
github.com/nambuivu/quiz-server/internal/handler/handler.go:80.2,80.21 1 0
github.com/nambuivu/quiz-server/internal/handler/handler.go:80.21,81.44 1 0
github.com/nambuivu/quiz-server/internal/handler/handler.go:81.44,84.4 2 0
github.com/nambuivu/quiz-server/internal/handler/handler.go:85.8,87.3 1 0
github.com/nambuivu/quiz-server/internal/handler/handler.go:89.2,93.4 1 0
github.com/nambuivu/quiz-server/internal/handler/handler.go:97.71,100.2 2 0
github.com/nambuivu/quiz-server/internal/handler/handler.go:103.68,105.32 2 0
github.com/nambuivu/quiz-server/internal/handler/handler.go:105.32,108.3 2 0
github.com/nambuivu/quiz-server/internal/handler/handler.go:110.2,114.4 2 0
github.com/nambuivu/quiz-server/internal/handler/handler.go:118.69,120.49 2 0
github.com/nambuivu/quiz-server/internal/handler/handler.go:120.49,123.3 2 0
github.com/nambuivu/quiz-server/internal/handler/handler.go:124.2,124.69 1 0
github.com/nambuivu/quiz-server/internal/handler/handler.go:128.69,130.49 2 0
github.com/nambuivu/quiz-server/internal/handler/handler.go:130.49,133.3 2 0
github.com/nambuivu/quiz-server/internal/handler/handler.go:134.2,134.67 1 0
github.com/nambuivu/quiz-server/internal/handler/handler.go:138.72,142.2 3 0
github.com/nambuivu/quiz-server/internal/handler/handler.go:145.71,149.2 3 0
github.com/nambuivu/quiz-server/internal/handler/handler.go:152.69,154.32 2 0
github.com/nambuivu/quiz-server/internal/handler/handler.go:154.32,157.3 2 0
github.com/nambuivu/quiz-server/internal/handler/handler.go:159.2,160.16 2 0
github.com/nambuivu/quiz-server/internal/handler/handler.go:160.16,163.3 2 0
github.com/nambuivu/quiz-server/internal/handler/handler.go:165.2,167.22 3 0
github.com/nambuivu/quiz-server/internal/handler/handler.go:170.61,174.2 3 0
github.com/nambuivu/quiz-server/internal/hub/client.go:29.71,36.2 1 0
github.com/nambuivu/quiz-server/internal/hub/client.go:39.29,40.15 1 0
github.com/nambuivu/quiz-server/internal/hub/client.go:40.15,43.3 2 0
github.com/nambuivu/quiz-server/internal/hub/client.go:45.2,47.43 3 0
github.com/nambuivu/quiz-server/internal/hub/client.go:47.43,49.3 1 0
github.com/nambuivu/quiz-server/internal/hub/client.go:51.2,51.6 1 0
github.com/nambuivu/quiz-server/internal/hub/client.go:51.6,53.17 2 0
github.com/nambuivu/quiz-server/internal/hub/client.go:53.17,54.101 1 0
github.com/nambuivu/quiz-server/internal/hub/client.go:54.101,56.5 1 0
github.com/nambuivu/quiz-server/internal/hub/client.go:57.4,57.10 1 0
github.com/nambuivu/quiz-server/internal/hub/client.go:60.3,61.55 2 0
github.com/nambuivu/quiz-server/internal/hub/client.go:61.55,63.12 2 0
github.com/nambuivu/quiz-server/internal/hub/client.go:66.3,66.31 1 0
github.com/nambuivu/quiz-server/internal/hub/client.go:71.30,73.15 2 0
github.com/nambuivu/quiz-server/internal/hub/client.go:73.15,76.3 2 0
github.com/nambuivu/quiz-server/internal/hub/client.go:78.2,78.6 1 0
github.com/nambuivu/quiz-server/internal/hub/client.go:78.6,79.10 1 0
github.com/nambuivu/quiz-server/internal/hub/client.go:80.32,82.11 2 0
github.com/nambuivu/quiz-server/internal/hub/client.go:82.11,85.5 2 0
github.com/nambuivu/quiz-server/internal/hub/client.go:86.4,86.78 1 0
github.com/nambuivu/quiz-server/internal/hub/client.go:86.78,88.5 1 0
github.com/nambuivu/quiz-server/internal/hub/client.go:89.19,91.74 2 0
github.com/nambuivu/quiz-server/internal/hub/client.go:91.74,93.5 1 0
github.com/nambuivu/quiz-server/internal/hub/client.go:99.36,100.9 1 0
github.com/nambuivu/quiz-server/internal/hub/client.go:101.22,101.22 0 0
github.com/nambuivu/quiz-server/internal/hub/client.go:102.10,103.96 1 0
github.com/nambuivu/quiz-server/internal/hub/client.go:108.60,110.16 2 0
github.com/nambuivu/quiz-server/internal/hub/client.go:110.16,113.3 2 0
github.com/nambuivu/quiz-server/internal/hub/client.go:114.2,120.16 3 0
github.com/nambuivu/quiz-server/internal/hub/client.go:120.16,123.3 2 0
github.com/nambuivu/quiz-server/internal/hub/client.go:124.2,124.14 1 0
github.com/nambuivu/quiz-server/internal/hub/client.go:128.50,130.2 1 0
github.com/nambuivu/quiz-server/internal/hub/hub.go:30.33,35.2 1 0
github.com/nambuivu/quiz-server/internal/hub/hub.go:38.50,40.2 1 0
github.com/nambuivu/quiz-server/internal/hub/hub.go:43.35,47.30 3 0
github.com/nambuivu/quiz-server/internal/hub/hub.go:47.30,49.3 1 0
github.com/nambuivu/quiz-server/internal/hub/hub.go:50.2,53.75 4 0
github.com/nambuivu/quiz-server/internal/hub/hub.go:57.37,61.42 3 0
github.com/nambuivu/quiz-server/internal/hub/hub.go:61.42,62.38 1 0
github.com/nambuivu/quiz-server/internal/hub/hub.go:62.38,66.25 4 0
github.com/nambuivu/quiz-server/internal/hub/hub.go:66.25,68.5 1 0
github.com/nambuivu/quiz-server/internal/hub/hub.go:72.2,72.20 1 0
github.com/nambuivu/quiz-server/internal/hub/hub.go:72.20,78.3 2 0
github.com/nambuivu/quiz-server/internal/hub/hub.go:82.68,86.2 3 0
github.com/nambuivu/quiz-server/internal/hub/hub.go:89.68,91.16 2 0
github.com/nambuivu/quiz-server/internal/hub/hub.go:91.16,94.3 2 0
github.com/nambuivu/quiz-server/internal/hub/hub.go:95.2,101.16 3 0
github.com/nambuivu/quiz-server/internal/hub/hub.go:101.16,104.3 2 0
github.com/nambuivu/quiz-server/internal/hub/hub.go:106.2,107.38 2 0
github.com/nambuivu/quiz-server/internal/hub/hub.go:107.38,109.3 1 0
github.com/nambuivu/quiz-server/internal/hub/hub.go:113.71,117.38 3 0
github.com/nambuivu/quiz-server/internal/hub/hub.go:117.38,118.30 1 0
github.com/nambuivu/quiz-server/internal/hub/hub.go:118.30,121.4 2 0
github.com/nambuivu/quiz-server/internal/hub/hub.go:126.43,130.2 3 0
github.com/nambuivu/quiz-server/internal/hub/hub.go:133.62,134.22 1 0
github.com/nambuivu/quiz-server/internal/hub/hub.go:134.22,137.3 2 0
github.com/nambuivu/quiz-server/internal/hub/hub.go:139.2,141.18 2 0
github.com/nambuivu/quiz-server/internal/hub/hub.go:142.23,144.57 2 0
github.com/nambuivu/quiz-server/internal/hub/hub.go:144.57,147.4 2 0
github.com/nambuivu/quiz-server/internal/hub/hub.go:148.3,148.29 1 0
github.com/nambuivu/quiz-server/internal/hub/hub.go:150.25,152.57 2 0
github.com/nambuivu/quiz-server/internal/hub/hub.go:152.57,155.4 2 0
github.com/nambuivu/quiz-server/internal/hub/hub.go:156.3,156.31 1 0
github.com/nambuivu/quiz-server/internal/hub/hub.go:158.25,160.57 2 0
github.com/nambuivu/quiz-server/internal/hub/hub.go:160.57,163.4 2 0
github.com/nambuivu/quiz-server/internal/hub/hub.go:164.3,164.21 1 0
github.com/nambuivu/quiz-server/internal/hub/hub.go:164.21,167.4 2 0
github.com/nambuivu/quiz-server/internal/hub/hub.go:168.3,168.31 1 0
github.com/nambuivu/quiz-server/internal/hub/hub.go:170.10,171.65 1 0
github.com/nambuivu/quiz-server/internal/metrics/metrics.go:57.13,68.2 1 0
github.com/nambuivu/quiz-server/internal/quiz/data.go:8.44,82.2 1 0
github.com/nambuivu/quiz-server/internal/quiz/service.go:45.86,56.17 2 0
github.com/nambuivu/quiz-server/internal/quiz/service.go:56.17,61.3 4 0
github.com/nambuivu/quiz-server/internal/quiz/service.go:64.2,64.19 1 0
github.com/nambuivu/quiz-server/internal/quiz/service.go:64.19,68.17 4 0
github.com/nambuivu/quiz-server/internal/quiz/service.go:68.17,71.4 2 0
github.com/nambuivu/quiz-server/internal/quiz/service.go:71.9,74.4 2 0
github.com/nambuivu/quiz-server/internal/quiz/service.go:75.8,77.3 1 0
github.com/nambuivu/quiz-server/internal/quiz/service.go:79.2,80.10 2 0
github.com/nambuivu/quiz-server/internal/quiz/service.go:84.50,89.2 4 0
github.com/nambuivu/quiz-server/internal/quiz/service.go:92.50,96.30 4 0
github.com/nambuivu/quiz-server/internal/quiz/service.go:96.30,102.3 1 0
github.com/nambuivu/quiz-server/internal/quiz/service.go:103.2,103.15 1 0
github.com/nambuivu/quiz-server/internal/quiz/service.go:107.50,111.37 3 0
github.com/nambuivu/quiz-server/internal/quiz/service.go:111.37,113.3 1 0
github.com/nambuivu/quiz-server/internal/quiz/service.go:115.2,115.39 1 0
github.com/nambuivu/quiz-server/internal/quiz/service.go:115.39,118.3 2 0
github.com/nambuivu/quiz-server/internal/quiz/service.go:119.2,126.12 6 0
github.com/nambuivu/quiz-server/internal/quiz/service.go:131.71,135.9 3 0
github.com/nambuivu/quiz-server/internal/quiz/service.go:135.9,139.3 3 0
github.com/nambuivu/quiz-server/internal/quiz/service.go:141.2,142.9 2 0
github.com/nambuivu/quiz-server/internal/quiz/service.go:142.9,146.3 3 0
github.com/nambuivu/quiz-server/internal/quiz/service.go:149.2,150.9 2 0
github.com/nambuivu/quiz-server/internal/quiz/service.go:150.9,154.3 3 0
github.com/nambuivu/quiz-server/internal/quiz/service.go:157.2,165.46 5 0
github.com/nambuivu/quiz-server/internal/quiz/service.go:165.46,167.3 1 0
github.com/nambuivu/quiz-server/internal/quiz/service.go:170.2,171.92 2 0
github.com/nambuivu/quiz-server/internal/quiz/service.go:171.92,181.3 2 0
github.com/nambuivu/quiz-server/internal/quiz/service.go:183.2,197.76 4 0
github.com/nambuivu/quiz-server/internal/quiz/service.go:201.67,205.9 3 0
github.com/nambuivu/quiz-server/internal/quiz/service.go:205.9,209.3 3 0
github.com/nambuivu/quiz-server/internal/quiz/service.go:212.2,213.9 2 0
github.com/nambuivu/quiz-server/internal/quiz/service.go:213.9,222.27 3 0
github.com/nambuivu/quiz-server/internal/quiz/service.go:222.27,226.18 4 0
github.com/nambuivu/quiz-server/internal/quiz/service.go:226.18,228.5 1 0
github.com/nambuivu/quiz-server/internal/quiz/service.go:228.10,230.5 1 0
github.com/nambuivu/quiz-server/internal/quiz/service.go:235.2,235.37 1 0
github.com/nambuivu/quiz-server/internal/quiz/service.go:235.37,237.3 1 0
github.com/nambuivu/quiz-server/internal/quiz/service.go:240.2,240.61 1 0
github.com/nambuivu/quiz-server/internal/quiz/service.go:240.61,244.3 3 0
github.com/nambuivu/quiz-server/internal/quiz/service.go:247.2,259.46 6 0
github.com/nambuivu/quiz-server/internal/quiz/service.go:259.46,261.3 1 0
github.com/nambuivu/quiz-server/internal/quiz/service.go:264.2,265.92 2 0
github.com/nambuivu/quiz-server/internal/quiz/service.go:265.92,275.3 2 0
github.com/nambuivu/quiz-server/internal/quiz/service.go:277.2,294.98 5 0
github.com/nambuivu/quiz-server/internal/quiz/service.go:298.71,302.50 4 0
github.com/nambuivu/quiz-server/internal/quiz/service.go:302.50,306.3 3 0
github.com/nambuivu/quiz-server/internal/quiz/service.go:308.2,309.52 2 0
github.com/nambuivu/quiz-server/internal/quiz/service.go:309.52,313.3 3 0
github.com/nambuivu/quiz-server/internal/quiz/service.go:315.2,316.33 2 0
github.com/nambuivu/quiz-server/internal/quiz/service.go:316.33,320.3 3 0
github.com/nambuivu/quiz-server/internal/quiz/service.go:322.2,329.16 6 0
github.com/nambuivu/quiz-server/internal/quiz/service.go:329.16,333.3 3 0
github.com/nambuivu/quiz-server/internal/quiz/service.go:336.2,336.25 1 0
github.com/nambuivu/quiz-server/internal/quiz/service.go:336.25,340.22 4 0
github.com/nambuivu/quiz-server/internal/quiz/service.go:340.22,341.14 1 0
github.com/nambuivu/quiz-server/internal/quiz/service.go:341.14,353.20 4 0
github.com/nambuivu/quiz-server/internal/quiz/service.go:353.20,355.6 1 0
github.com/nambuivu/quiz-server/internal/quiz/service.go:361.2,369.74 5 0
github.com/nambuivu/quiz-server/internal/quiz/service.go:373.50,378.9 4 0
github.com/nambuivu/quiz-server/internal/quiz/service.go:378.9,380.3 1 0
github.com/nambuivu/quiz-server/internal/quiz/service.go:381.2,381.43 1 0
github.com/nambuivu/quiz-server/internal/quiz/service.go:381.43,383.3 1 0
github.com/nambuivu/quiz-server/internal/quiz/service.go:386.2,386.46 1 0
github.com/nambuivu/quiz-server/internal/quiz/service.go:386.46,388.3 1 0
github.com/nambuivu/quiz-server/internal/quiz/service.go:390.2,411.26 9 0
github.com/nambuivu/quiz-server/internal/quiz/service.go:411.26,412.48 1 0
github.com/nambuivu/quiz-server/internal/quiz/service.go:412.48,413.14 1 0
github.com/nambuivu/quiz-server/internal/quiz/service.go:413.14,416.98 3 0
github.com/nambuivu/quiz-server/internal/quiz/service.go:416.98,418.6 1 0
github.com/nambuivu/quiz-server/internal/quiz/service.go:423.2,424.12 2 0
github.com/nambuivu/quiz-server/internal/quiz/service.go:428.71,429.39 1 0
github.com/nambuivu/quiz-server/internal/quiz/service.go:429.39,431.3 1 0
github.com/nambuivu/quiz-server/internal/quiz/service.go:432.2,432.84 1 0
github.com/nambuivu/quiz-server/internal/quiz/service.go:432.84,434.3 1 0
github.com/nambuivu/quiz-server/internal/quiz/service.go:439.50,441.2 1 0
github.com/nambuivu/quiz-server/internal/quiz/service.go:444.50,449.50 4 0
github.com/nambuivu/quiz-server/internal/quiz/service.go:449.50,451.3 1 0
github.com/nambuivu/quiz-server/internal/quiz/service.go:453.2,456.52 3 0
github.com/nambuivu/quiz-server/internal/quiz/service.go:456.52,459.3 2 0
github.com/nambuivu/quiz-server/internal/quiz/service.go:461.2,475.97 5 0
github.com/nambuivu/quiz-server/internal/quiz/service.go:479.47,483.39 3 0
github.com/nambuivu/quiz-server/internal/quiz/service.go:483.39,486.3 2 0
github.com/nambuivu/quiz-server/internal/quiz/service.go:488.2,495.21 4 0
github.com/nambuivu/quiz-server/internal/quiz/service.go:495.21,496.13 1 0
github.com/nambuivu/quiz-server/internal/quiz/service.go:496.13,500.28 3 0
github.com/nambuivu/quiz-server/internal/quiz/service.go:500.28,501.101 1 0
github.com/nambuivu/quiz-server/internal/quiz/service.go:501.101,503.6 1 0
github.com/nambuivu/quiz-server/internal/quiz/service.go:505.4,505.47 1 0
github.com/nambuivu/quiz-server/internal/quiz/service.go:505.47,506.78 1 0
github.com/nambuivu/quiz-server/internal/quiz/service.go:506.78,508.6 1 0
github.com/nambuivu/quiz-server/internal/quiz/service.go:513.2,513.49 1 0
github.com/nambuivu/quiz-server/internal/quiz/service.go:517.73,522.2 4 0
github.com/nambuivu/quiz-server/internal/scoring/memory_leaderboard.go:16.48,20.2 1 0
github.com/nambuivu/quiz-server/internal/scoring/memory_leaderboard.go:23.79,27.29 3 0
github.com/nambuivu/quiz-server/internal/scoring/memory_leaderboard.go:27.29,29.3 1 0
github.com/nambuivu/quiz-server/internal/scoring/memory_leaderboard.go:30.2,31.12 2 0
github.com/nambuivu/quiz-server/internal/scoring/memory_leaderboard.go:35.60,40.2 4 0
github.com/nambuivu/quiz-server/internal/scoring/memory_leaderboard.go:43.77,49.40 5 0
github.com/nambuivu/quiz-server/internal/scoring/memory_leaderboard.go:49.40,51.3 1 0
github.com/nambuivu/quiz-server/internal/scoring/memory_leaderboard.go:53.2,53.52 1 0
github.com/nambuivu/quiz-server/internal/scoring/memory_leaderboard.go:53.52,54.25 1 0
github.com/nambuivu/quiz-server/internal/scoring/memory_leaderboard.go:54.25,56.4 1 0
github.com/nambuivu/quiz-server/internal/scoring/memory_leaderboard.go:57.3,57.11 1 0
github.com/nambuivu/quiz-server/internal/scoring/memory_leaderboard.go:60.2,60.21 1 0
github.com/nambuivu/quiz-server/internal/scoring/redis_leaderboard.go:18.66,20.2 1 0
github.com/nambuivu/quiz-server/internal/scoring/redis_leaderboard.go:22.65,24.2 1 0
github.com/nambuivu/quiz-server/internal/scoring/redis_leaderboard.go:27.78,31.2 3 0
github.com/nambuivu/quiz-server/internal/scoring/redis_leaderboard.go:34.59,38.2 3 0
github.com/nambuivu/quiz-server/internal/scoring/redis_leaderboard.go:41.76,46.16 4 0
github.com/nambuivu/quiz-server/internal/scoring/redis_leaderboard.go:46.16,48.3 1 0
github.com/nambuivu/quiz-server/internal/scoring/redis_leaderboard.go:50.2,51.28 2 0
github.com/nambuivu/quiz-server/internal/scoring/redis_leaderboard.go:51.28,56.3 1 0
github.com/nambuivu/quiz-server/internal/scoring/redis_leaderboard.go:57.2,57.21 1 0
github.com/nambuivu/quiz-server/internal/scoring/service.go:45.53,52.2 1 0
github.com/nambuivu/quiz-server/internal/scoring/service.go:58.177,66.31 4 0
github.com/nambuivu/quiz-server/internal/scoring/service.go:66.31,68.3 1 0
github.com/nambuivu/quiz-server/internal/scoring/service.go:69.2,69.39 1 0
github.com/nambuivu/quiz-server/internal/scoring/service.go:69.39,71.3 1 0
github.com/nambuivu/quiz-server/internal/scoring/service.go:72.2,72.44 1 0
github.com/nambuivu/quiz-server/internal/scoring/service.go:72.44,74.3 1 0
github.com/nambuivu/quiz-server/internal/scoring/service.go:77.2,80.39 3 0
github.com/nambuivu/quiz-server/internal/scoring/service.go:80.39,82.3 1 0
github.com/nambuivu/quiz-server/internal/scoring/service.go:85.2,92.13 5 0
github.com/nambuivu/quiz-server/internal/scoring/service.go:92.13,95.3 2 0
github.com/nambuivu/quiz-server/internal/scoring/service.go:98.2,98.16 1 0
github.com/nambuivu/quiz-server/internal/scoring/service.go:98.16,99.73 1 0
github.com/nambuivu/quiz-server/internal/scoring/service.go:99.73,101.4 1 0
github.com/nambuivu/quiz-server/internal/scoring/service.go:105.2,122.8 3 0
github.com/nambuivu/quiz-server/internal/scoring/service.go:126.59,128.16 2 0
github.com/nambuivu/quiz-server/internal/scoring/service.go:128.16,130.3 1 0
github.com/nambuivu/quiz-server/internal/scoring/service.go:131.2,131.29 1 0
github.com/nambuivu/quiz-server/internal/scoring/service.go:131.29,132.25 1 0
github.com/nambuivu/quiz-server/internal/scoring/service.go:132.25,134.4 1 0
github.com/nambuivu/quiz-server/internal/scoring/service.go:136.2,136.10 1 0
github.com/nambuivu/quiz-server/internal/scoring/service.go:140.40,144.56 4 0
github.com/nambuivu/quiz-server/internal/scoring/service.go:144.56,146.3 1 0
github.com/nambuivu/quiz-server/internal/scoring/service.go:150.75,155.16 4 0
github.com/nambuivu/quiz-server/internal/scoring/service.go:155.16,158.3 2 0
github.com/nambuivu/quiz-server/internal/scoring/service.go:160.2,161.29 2 0
github.com/nambuivu/quiz-server/internal/scoring/service.go:161.29,168.3 1 0
github.com/nambuivu/quiz-server/internal/scoring/service.go:169.2,169.16 1 0
github.com/nambuivu/quiz-server/pkg/middleware/middleware.go:12.64,13.71 1 0
github.com/nambuivu/quiz-server/pkg/middleware/middleware.go:13.71,23.3 4 0
github.com/nambuivu/quiz-server/pkg/middleware/middleware.go:27.65,28.71 1 0
github.com/nambuivu/quiz-server/pkg/middleware/middleware.go:28.71,29.16 1 0
github.com/nambuivu/quiz-server/pkg/middleware/middleware.go:29.16,30.36 1 0
github.com/nambuivu/quiz-server/pkg/middleware/middleware.go:30.36,33.5 2 0
github.com/nambuivu/quiz-server/pkg/middleware/middleware.go:35.3,35.23 1 0
github.com/nambuivu/quiz-server/pkg/middleware/middleware.go:40.43,41.71 1 0
github.com/nambuivu/quiz-server/pkg/middleware/middleware.go:41.71,45.37 4 0
github.com/nambuivu/quiz-server/pkg/middleware/middleware.go:45.37,48.4 2 0
github.com/nambuivu/quiz-server/pkg/middleware/middleware.go:49.3,49.23 1 0
github.com/nambuivu/quiz-server/pkg/middleware/middleware.go:58.49,61.2 2 0
github.com/nambuivu/quiz-server/pkg/middleware/middleware.go:64.71,66.2 1 0
github.com/nambuivu/quiz-server/internal/config/config.go:16.20,22.2 1 0
github.com/nambuivu/quiz-server/internal/handler/handler.go:32.121,43.48 1 0
github.com/nambuivu/quiz-server/internal/handler/handler.go:43.48,43.63 1 0
github.com/nambuivu/quiz-server/internal/handler/handler.go:50.54,60.2 9 0
github.com/nambuivu/quiz-server/internal/handler/handler.go:63.66,71.20 6 0
github.com/nambuivu/quiz-server/internal/handler/handler.go:71.20,72.49 1 0
github.com/nambuivu/quiz-server/internal/handler/handler.go:72.49,75.4 2 0
github.com/nambuivu/quiz-server/internal/handler/handler.go:76.8,78.3 1 0
github.com/nambuivu/quiz-server/internal/handler/handler.go:80.2,80.21 1 0
github.com/nambuivu/quiz-server/internal/handler/handler.go:80.21,81.44 1 0
github.com/nambuivu/quiz-server/internal/handler/handler.go:81.44,84.4 2 0
github.com/nambuivu/quiz-server/internal/handler/handler.go:85.8,87.3 1 0
github.com/nambuivu/quiz-server/internal/handler/handler.go:89.2,93.4 1 0
github.com/nambuivu/quiz-server/internal/handler/handler.go:97.71,100.2 2 0
github.com/nambuivu/quiz-server/internal/handler/handler.go:103.68,105.32 2 0
github.com/nambuivu/quiz-server/internal/handler/handler.go:105.32,108.3 2 0
github.com/nambuivu/quiz-server/internal/handler/handler.go:110.2,114.4 2 0
github.com/nambuivu/quiz-server/internal/handler/handler.go:118.69,120.49 2 0
github.com/nambuivu/quiz-server/internal/handler/handler.go:120.49,123.3 2 0
github.com/nambuivu/quiz-server/internal/handler/handler.go:124.2,124.69 1 0
github.com/nambuivu/quiz-server/internal/handler/handler.go:128.69,130.49 2 0
github.com/nambuivu/quiz-server/internal/handler/handler.go:130.49,133.3 2 0
github.com/nambuivu/quiz-server/internal/handler/handler.go:134.2,134.67 1 0
github.com/nambuivu/quiz-server/internal/handler/handler.go:138.72,142.2 3 0
github.com/nambuivu/quiz-server/internal/handler/handler.go:145.71,149.2 3 0
github.com/nambuivu/quiz-server/internal/handler/handler.go:152.69,154.32 2 0
github.com/nambuivu/quiz-server/internal/handler/handler.go:154.32,157.3 2 0
github.com/nambuivu/quiz-server/internal/handler/handler.go:159.2,160.16 2 0
github.com/nambuivu/quiz-server/internal/handler/handler.go:160.16,163.3 2 0
github.com/nambuivu/quiz-server/internal/handler/handler.go:165.2,167.22 3 0
github.com/nambuivu/quiz-server/internal/handler/handler.go:170.61,174.2 3 0
github.com/nambuivu/quiz-server/internal/hub/client.go:29.71,36.2 1 0
github.com/nambuivu/quiz-server/internal/hub/client.go:39.29,40.15 1 0
github.com/nambuivu/quiz-server/internal/hub/client.go:40.15,43.3 2 0
github.com/nambuivu/quiz-server/internal/hub/client.go:45.2,47.43 3 0
github.com/nambuivu/quiz-server/internal/hub/client.go:47.43,49.3 1 0
github.com/nambuivu/quiz-server/internal/hub/client.go:51.2,51.6 1 0
github.com/nambuivu/quiz-server/internal/hub/client.go:51.6,53.17 2 0
github.com/nambuivu/quiz-server/internal/hub/client.go:53.17,54.101 1 0
github.com/nambuivu/quiz-server/internal/hub/client.go:54.101,56.5 1 0
github.com/nambuivu/quiz-server/internal/hub/client.go:57.4,57.10 1 0
github.com/nambuivu/quiz-server/internal/hub/client.go:60.3,61.55 2 0
github.com/nambuivu/quiz-server/internal/hub/client.go:61.55,63.12 2 0
github.com/nambuivu/quiz-server/internal/hub/client.go:66.3,66.31 1 0
github.com/nambuivu/quiz-server/internal/hub/client.go:71.30,73.15 2 0
github.com/nambuivu/quiz-server/internal/hub/client.go:73.15,76.3 2 0
github.com/nambuivu/quiz-server/internal/hub/client.go:78.2,78.6 1 0
github.com/nambuivu/quiz-server/internal/hub/client.go:78.6,79.10 1 0
github.com/nambuivu/quiz-server/internal/hub/client.go:80.32,82.11 2 0
github.com/nambuivu/quiz-server/internal/hub/client.go:82.11,85.5 2 0
github.com/nambuivu/quiz-server/internal/hub/client.go:86.4,86.78 1 0
github.com/nambuivu/quiz-server/internal/hub/client.go:86.78,88.5 1 0
github.com/nambuivu/quiz-server/internal/hub/client.go:89.19,91.74 2 0
github.com/nambuivu/quiz-server/internal/hub/client.go:91.74,93.5 1 0
github.com/nambuivu/quiz-server/internal/hub/client.go:99.36,100.9 1 0
github.com/nambuivu/quiz-server/internal/hub/client.go:101.22,101.22 0 0
github.com/nambuivu/quiz-server/internal/hub/client.go:102.10,103.96 1 0
github.com/nambuivu/quiz-server/internal/hub/client.go:108.60,110.16 2 0
github.com/nambuivu/quiz-server/internal/hub/client.go:110.16,113.3 2 0
github.com/nambuivu/quiz-server/internal/hub/client.go:114.2,120.16 3 0
github.com/nambuivu/quiz-server/internal/hub/client.go:120.16,123.3 2 0
github.com/nambuivu/quiz-server/internal/hub/client.go:124.2,124.14 1 0
github.com/nambuivu/quiz-server/internal/hub/client.go:128.50,130.2 1 0
github.com/nambuivu/quiz-server/internal/hub/hub.go:30.33,35.2 1 0
github.com/nambuivu/quiz-server/internal/hub/hub.go:38.50,40.2 1 0
github.com/nambuivu/quiz-server/internal/hub/hub.go:43.35,47.30 3 0
github.com/nambuivu/quiz-server/internal/hub/hub.go:47.30,49.3 1 0
github.com/nambuivu/quiz-server/internal/hub/hub.go:50.2,53.75 4 0
github.com/nambuivu/quiz-server/internal/hub/hub.go:57.37,61.42 3 0
github.com/nambuivu/quiz-server/internal/hub/hub.go:61.42,62.38 1 0
github.com/nambuivu/quiz-server/internal/hub/hub.go:62.38,66.25 4 0
github.com/nambuivu/quiz-server/internal/hub/hub.go:66.25,68.5 1 0
github.com/nambuivu/quiz-server/internal/hub/hub.go:72.2,72.20 1 0
github.com/nambuivu/quiz-server/internal/hub/hub.go:72.20,78.3 2 0
github.com/nambuivu/quiz-server/internal/hub/hub.go:82.68,86.2 3 0
github.com/nambuivu/quiz-server/internal/hub/hub.go:89.68,91.16 2 0
github.com/nambuivu/quiz-server/internal/hub/hub.go:91.16,94.3 2 0
github.com/nambuivu/quiz-server/internal/hub/hub.go:95.2,101.16 3 0
github.com/nambuivu/quiz-server/internal/hub/hub.go:101.16,104.3 2 0
github.com/nambuivu/quiz-server/internal/hub/hub.go:106.2,107.38 2 0
github.com/nambuivu/quiz-server/internal/hub/hub.go:107.38,109.3 1 0
github.com/nambuivu/quiz-server/internal/hub/hub.go:113.71,117.38 3 0
github.com/nambuivu/quiz-server/internal/hub/hub.go:117.38,118.30 1 0
github.com/nambuivu/quiz-server/internal/hub/hub.go:118.30,121.4 2 0
github.com/nambuivu/quiz-server/internal/hub/hub.go:126.43,130.2 3 0
github.com/nambuivu/quiz-server/internal/hub/hub.go:133.62,134.22 1 0
github.com/nambuivu/quiz-server/internal/hub/hub.go:134.22,137.3 2 0
github.com/nambuivu/quiz-server/internal/hub/hub.go:139.2,141.18 2 0
github.com/nambuivu/quiz-server/internal/hub/hub.go:142.23,144.57 2 0
github.com/nambuivu/quiz-server/internal/hub/hub.go:144.57,147.4 2 0
github.com/nambuivu/quiz-server/internal/hub/hub.go:148.3,148.29 1 0
github.com/nambuivu/quiz-server/internal/hub/hub.go:150.25,152.57 2 0
github.com/nambuivu/quiz-server/internal/hub/hub.go:152.57,155.4 2 0
github.com/nambuivu/quiz-server/internal/hub/hub.go:156.3,156.31 1 0
github.com/nambuivu/quiz-server/internal/hub/hub.go:158.25,160.57 2 0
github.com/nambuivu/quiz-server/internal/hub/hub.go:160.57,163.4 2 0
github.com/nambuivu/quiz-server/internal/hub/hub.go:164.3,164.21 1 0
github.com/nambuivu/quiz-server/internal/hub/hub.go:164.21,167.4 2 0
github.com/nambuivu/quiz-server/internal/hub/hub.go:168.3,168.31 1 0
github.com/nambuivu/quiz-server/internal/hub/hub.go:170.10,171.65 1 0
github.com/nambuivu/quiz-server/internal/metrics/metrics.go:57.13,68.2 1 0
github.com/nambuivu/quiz-server/internal/quiz/data.go:8.44,82.2 1 0
github.com/nambuivu/quiz-server/internal/quiz/service.go:45.86,56.17 2 0
github.com/nambuivu/quiz-server/internal/quiz/service.go:56.17,61.3 4 0
github.com/nambuivu/quiz-server/internal/quiz/service.go:64.2,64.19 1 0
github.com/nambuivu/quiz-server/internal/quiz/service.go:64.19,68.17 4 0
github.com/nambuivu/quiz-server/internal/quiz/service.go:68.17,71.4 2 0
github.com/nambuivu/quiz-server/internal/quiz/service.go:71.9,74.4 2 0
github.com/nambuivu/quiz-server/internal/quiz/service.go:75.8,77.3 1 0
github.com/nambuivu/quiz-server/internal/quiz/service.go:79.2,80.10 2 0
github.com/nambuivu/quiz-server/internal/quiz/service.go:84.50,89.2 4 0
github.com/nambuivu/quiz-server/internal/quiz/service.go:92.50,96.30 4 0
github.com/nambuivu/quiz-server/internal/quiz/service.go:96.30,102.3 1 0
github.com/nambuivu/quiz-server/internal/quiz/service.go:103.2,103.15 1 0
github.com/nambuivu/quiz-server/internal/quiz/service.go:107.50,111.37 3 0
github.com/nambuivu/quiz-server/internal/quiz/service.go:111.37,113.3 1 0
github.com/nambuivu/quiz-server/internal/quiz/service.go:115.2,115.39 1 0
github.com/nambuivu/quiz-server/internal/quiz/service.go:115.39,118.3 2 0
github.com/nambuivu/quiz-server/internal/quiz/service.go:119.2,126.12 6 0
github.com/nambuivu/quiz-server/internal/quiz/service.go:131.71,135.9 3 0
github.com/nambuivu/quiz-server/internal/quiz/service.go:135.9,139.3 3 0
github.com/nambuivu/quiz-server/internal/quiz/service.go:141.2,142.9 2 0
github.com/nambuivu/quiz-server/internal/quiz/service.go:142.9,146.3 3 0
github.com/nambuivu/quiz-server/internal/quiz/service.go:149.2,150.9 2 0
github.com/nambuivu/quiz-server/internal/quiz/service.go:150.9,154.3 3 0
github.com/nambuivu/quiz-server/internal/quiz/service.go:157.2,165.46 5 0
github.com/nambuivu/quiz-server/internal/quiz/service.go:165.46,167.3 1 0
github.com/nambuivu/quiz-server/internal/quiz/service.go:170.2,171.92 2 0
github.com/nambuivu/quiz-server/internal/quiz/service.go:171.92,181.3 2 0
github.com/nambuivu/quiz-server/internal/quiz/service.go:183.2,197.76 4 0
github.com/nambuivu/quiz-server/internal/quiz/service.go:201.67,205.9 3 0
github.com/nambuivu/quiz-server/internal/quiz/service.go:205.9,209.3 3 0
github.com/nambuivu/quiz-server/internal/quiz/service.go:212.2,213.9 2 0
github.com/nambuivu/quiz-server/internal/quiz/service.go:213.9,222.27 3 0
github.com/nambuivu/quiz-server/internal/quiz/service.go:222.27,226.18 4 0
github.com/nambuivu/quiz-server/internal/quiz/service.go:226.18,228.5 1 0
github.com/nambuivu/quiz-server/internal/quiz/service.go:228.10,230.5 1 0
github.com/nambuivu/quiz-server/internal/quiz/service.go:235.2,235.37 1 0
github.com/nambuivu/quiz-server/internal/quiz/service.go:235.37,237.3 1 0
github.com/nambuivu/quiz-server/internal/quiz/service.go:240.2,240.61 1 0
github.com/nambuivu/quiz-server/internal/quiz/service.go:240.61,244.3 3 0
github.com/nambuivu/quiz-server/internal/quiz/service.go:247.2,259.46 6 0
github.com/nambuivu/quiz-server/internal/quiz/service.go:259.46,261.3 1 0
github.com/nambuivu/quiz-server/internal/quiz/service.go:264.2,265.92 2 0
github.com/nambuivu/quiz-server/internal/quiz/service.go:265.92,275.3 2 0
github.com/nambuivu/quiz-server/internal/quiz/service.go:277.2,294.98 5 0
github.com/nambuivu/quiz-server/internal/quiz/service.go:298.71,302.50 4 0
github.com/nambuivu/quiz-server/internal/quiz/service.go:302.50,306.3 3 0
github.com/nambuivu/quiz-server/internal/quiz/service.go:308.2,309.52 2 0
github.com/nambuivu/quiz-server/internal/quiz/service.go:309.52,313.3 3 0
github.com/nambuivu/quiz-server/internal/quiz/service.go:315.2,316.33 2 0
github.com/nambuivu/quiz-server/internal/quiz/service.go:316.33,320.3 3 0
github.com/nambuivu/quiz-server/internal/quiz/service.go:322.2,329.16 6 0
github.com/nambuivu/quiz-server/internal/quiz/service.go:329.16,333.3 3 0
github.com/nambuivu/quiz-server/internal/quiz/service.go:336.2,336.25 1 0
github.com/nambuivu/quiz-server/internal/quiz/service.go:336.25,340.22 4 0
github.com/nambuivu/quiz-server/internal/quiz/service.go:340.22,341.14 1 0
github.com/nambuivu/quiz-server/internal/quiz/service.go:341.14,353.20 4 0
github.com/nambuivu/quiz-server/internal/quiz/service.go:353.20,355.6 1 0
github.com/nambuivu/quiz-server/internal/quiz/service.go:361.2,369.74 5 0
github.com/nambuivu/quiz-server/internal/quiz/service.go:373.50,378.9 4 0
github.com/nambuivu/quiz-server/internal/quiz/service.go:378.9,380.3 1 0
github.com/nambuivu/quiz-server/internal/quiz/service.go:381.2,381.43 1 0
github.com/nambuivu/quiz-server/internal/quiz/service.go:381.43,383.3 1 0
github.com/nambuivu/quiz-server/internal/quiz/service.go:386.2,386.46 1 0
github.com/nambuivu/quiz-server/internal/quiz/service.go:386.46,388.3 1 0
github.com/nambuivu/quiz-server/internal/quiz/service.go:390.2,411.26 9 0
github.com/nambuivu/quiz-server/internal/quiz/service.go:411.26,412.48 1 0
github.com/nambuivu/quiz-server/internal/quiz/service.go:412.48,413.14 1 0
github.com/nambuivu/quiz-server/internal/quiz/service.go:413.14,416.98 3 0
github.com/nambuivu/quiz-server/internal/quiz/service.go:416.98,418.6 1 0
github.com/nambuivu/quiz-server/internal/quiz/service.go:423.2,424.12 2 0
github.com/nambuivu/quiz-server/internal/quiz/service.go:428.71,429.39 1 0
github.com/nambuivu/quiz-server/internal/quiz/service.go:429.39,431.3 1 0
github.com/nambuivu/quiz-server/internal/quiz/service.go:432.2,432.84 1 0
github.com/nambuivu/quiz-server/internal/quiz/service.go:432.84,434.3 1 0
github.com/nambuivu/quiz-server/internal/quiz/service.go:439.50,441.2 1 0
github.com/nambuivu/quiz-server/internal/quiz/service.go:444.50,449.50 4 0
github.com/nambuivu/quiz-server/internal/quiz/service.go:449.50,451.3 1 0
github.com/nambuivu/quiz-server/internal/quiz/service.go:453.2,456.52 3 0
github.com/nambuivu/quiz-server/internal/quiz/service.go:456.52,459.3 2 0
github.com/nambuivu/quiz-server/internal/quiz/service.go:461.2,475.97 5 0
github.com/nambuivu/quiz-server/internal/quiz/service.go:479.47,483.39 3 0
github.com/nambuivu/quiz-server/internal/quiz/service.go:483.39,486.3 2 0
github.com/nambuivu/quiz-server/internal/quiz/service.go:488.2,495.21 4 0
github.com/nambuivu/quiz-server/internal/quiz/service.go:495.21,496.13 1 0
github.com/nambuivu/quiz-server/internal/quiz/service.go:496.13,500.28 3 0
github.com/nambuivu/quiz-server/internal/quiz/service.go:500.28,501.101 1 0
github.com/nambuivu/quiz-server/internal/quiz/service.go:501.101,503.6 1 0
github.com/nambuivu/quiz-server/internal/quiz/service.go:505.4,505.47 1 0
github.com/nambuivu/quiz-server/internal/quiz/service.go:505.47,506.78 1 0
github.com/nambuivu/quiz-server/internal/quiz/service.go:506.78,508.6 1 0
github.com/nambuivu/quiz-server/internal/quiz/service.go:513.2,513.49 1 0
github.com/nambuivu/quiz-server/internal/quiz/service.go:517.73,522.2 4 0
github.com/nambuivu/quiz-server/internal/scoring/memory_leaderboard.go:16.48,20.2 1 11
github.com/nambuivu/quiz-server/internal/scoring/memory_leaderboard.go:23.79,27.29 3 13
github.com/nambuivu/quiz-server/internal/scoring/memory_leaderboard.go:27.29,29.3 1 9
github.com/nambuivu/quiz-server/internal/scoring/memory_leaderboard.go:30.2,31.12 2 13
github.com/nambuivu/quiz-server/internal/scoring/memory_leaderboard.go:35.60,40.2 4 0
github.com/nambuivu/quiz-server/internal/scoring/memory_leaderboard.go:43.77,49.40 5 14
github.com/nambuivu/quiz-server/internal/scoring/memory_leaderboard.go:49.40,51.3 1 15
github.com/nambuivu/quiz-server/internal/scoring/memory_leaderboard.go:53.2,53.52 1 14
github.com/nambuivu/quiz-server/internal/scoring/memory_leaderboard.go:53.52,54.25 1 3
github.com/nambuivu/quiz-server/internal/scoring/memory_leaderboard.go:54.25,56.4 1 3
github.com/nambuivu/quiz-server/internal/scoring/memory_leaderboard.go:57.3,57.11 1 0
github.com/nambuivu/quiz-server/internal/scoring/memory_leaderboard.go:60.2,60.21 1 14
github.com/nambuivu/quiz-server/internal/scoring/redis_leaderboard.go:18.66,20.2 1 0
github.com/nambuivu/quiz-server/internal/scoring/redis_leaderboard.go:22.65,24.2 1 0
github.com/nambuivu/quiz-server/internal/scoring/redis_leaderboard.go:27.78,31.2 3 0
github.com/nambuivu/quiz-server/internal/scoring/redis_leaderboard.go:34.59,38.2 3 0
github.com/nambuivu/quiz-server/internal/scoring/redis_leaderboard.go:41.76,46.16 4 0
github.com/nambuivu/quiz-server/internal/scoring/redis_leaderboard.go:46.16,48.3 1 0
github.com/nambuivu/quiz-server/internal/scoring/redis_leaderboard.go:50.2,51.28 2 0
github.com/nambuivu/quiz-server/internal/scoring/redis_leaderboard.go:51.28,56.3 1 0
github.com/nambuivu/quiz-server/internal/scoring/redis_leaderboard.go:57.2,57.21 1 0
github.com/nambuivu/quiz-server/internal/scoring/service.go:45.53,52.2 1 8
github.com/nambuivu/quiz-server/internal/scoring/service.go:58.177,66.31 4 11
github.com/nambuivu/quiz-server/internal/scoring/service.go:66.31,68.3 1 8
github.com/nambuivu/quiz-server/internal/scoring/service.go:69.2,69.39 1 11
github.com/nambuivu/quiz-server/internal/scoring/service.go:69.39,71.3 1 9
github.com/nambuivu/quiz-server/internal/scoring/service.go:72.2,72.44 1 11
github.com/nambuivu/quiz-server/internal/scoring/service.go:72.44,74.3 1 1
github.com/nambuivu/quiz-server/internal/scoring/service.go:77.2,80.39 3 10
github.com/nambuivu/quiz-server/internal/scoring/service.go:80.39,82.3 1 1
github.com/nambuivu/quiz-server/internal/scoring/service.go:85.2,92.13 5 9
github.com/nambuivu/quiz-server/internal/scoring/service.go:92.13,95.3 2 8
github.com/nambuivu/quiz-server/internal/scoring/service.go:98.2,98.16 1 9
github.com/nambuivu/quiz-server/internal/scoring/service.go:98.16,99.73 1 8
github.com/nambuivu/quiz-server/internal/scoring/service.go:99.73,101.4 1 0
github.com/nambuivu/quiz-server/internal/scoring/service.go:105.2,122.8 3 9
github.com/nambuivu/quiz-server/internal/scoring/service.go:126.59,128.16 2 9
github.com/nambuivu/quiz-server/internal/scoring/service.go:128.16,130.3 1 0
github.com/nambuivu/quiz-server/internal/scoring/service.go:131.2,131.29 1 9
github.com/nambuivu/quiz-server/internal/scoring/service.go:131.29,132.25 1 9
github.com/nambuivu/quiz-server/internal/scoring/service.go:132.25,134.4 1 8
github.com/nambuivu/quiz-server/internal/scoring/service.go:136.2,136.10 1 1
github.com/nambuivu/quiz-server/internal/scoring/service.go:140.40,144.56 4 0
github.com/nambuivu/quiz-server/internal/scoring/service.go:144.56,146.3 1 0
github.com/nambuivu/quiz-server/internal/scoring/service.go:150.75,155.16 4 1
github.com/nambuivu/quiz-server/internal/scoring/service.go:155.16,158.3 2 0
github.com/nambuivu/quiz-server/internal/scoring/service.go:160.2,161.29 2 1
github.com/nambuivu/quiz-server/internal/scoring/service.go:161.29,168.3 1 2
github.com/nambuivu/quiz-server/internal/scoring/service.go:169.2,169.16 1 1
github.com/nambuivu/quiz-server/pkg/middleware/middleware.go:12.64,13.71 1 0
github.com/nambuivu/quiz-server/pkg/middleware/middleware.go:13.71,23.3 4 0
github.com/nambuivu/quiz-server/pkg/middleware/middleware.go:27.65,28.71 1 0
github.com/nambuivu/quiz-server/pkg/middleware/middleware.go:28.71,29.16 1 0
github.com/nambuivu/quiz-server/pkg/middleware/middleware.go:29.16,30.36 1 0
github.com/nambuivu/quiz-server/pkg/middleware/middleware.go:30.36,33.5 2 0
github.com/nambuivu/quiz-server/pkg/middleware/middleware.go:35.3,35.23 1 0
github.com/nambuivu/quiz-server/pkg/middleware/middleware.go:40.43,41.71 1 0
github.com/nambuivu/quiz-server/pkg/middleware/middleware.go:41.71,45.37 4 0
github.com/nambuivu/quiz-server/pkg/middleware/middleware.go:45.37,48.4 2 0
github.com/nambuivu/quiz-server/pkg/middleware/middleware.go:49.3,49.23 1 0
github.com/nambuivu/quiz-server/pkg/middleware/middleware.go:58.49,61.2 2 0
github.com/nambuivu/quiz-server/pkg/middleware/middleware.go:64.71,66.2 1 0
github.com/nambuivu/quiz-server/internal/config/config.go:16.20,22.2 1 0
github.com/nambuivu/quiz-server/internal/handler/handler.go:32.121,43.48 1 18
github.com/nambuivu/quiz-server/internal/handler/handler.go:43.48,43.63 1 18
github.com/nambuivu/quiz-server/internal/handler/handler.go:50.54,60.2 9 18
github.com/nambuivu/quiz-server/internal/handler/handler.go:63.66,71.20 6 1
github.com/nambuivu/quiz-server/internal/handler/handler.go:71.20,72.49 1 0
github.com/nambuivu/quiz-server/internal/handler/handler.go:72.49,75.4 2 0
github.com/nambuivu/quiz-server/internal/handler/handler.go:76.8,78.3 1 1
github.com/nambuivu/quiz-server/internal/handler/handler.go:80.2,80.21 1 1
github.com/nambuivu/quiz-server/internal/handler/handler.go:80.21,81.44 1 0
github.com/nambuivu/quiz-server/internal/handler/handler.go:81.44,84.4 2 0
github.com/nambuivu/quiz-server/internal/handler/handler.go:85.8,87.3 1 1
github.com/nambuivu/quiz-server/internal/handler/handler.go:89.2,93.4 1 1
github.com/nambuivu/quiz-server/internal/handler/handler.go:97.71,100.2 2 1
github.com/nambuivu/quiz-server/internal/handler/handler.go:103.68,105.32 2 2
github.com/nambuivu/quiz-server/internal/handler/handler.go:105.32,108.3 2 1
github.com/nambuivu/quiz-server/internal/handler/handler.go:110.2,114.4 2 1
github.com/nambuivu/quiz-server/internal/handler/handler.go:118.69,120.49 2 3
github.com/nambuivu/quiz-server/internal/handler/handler.go:120.49,123.3 2 2
github.com/nambuivu/quiz-server/internal/handler/handler.go:124.2,124.69 1 1
github.com/nambuivu/quiz-server/internal/handler/handler.go:128.69,130.49 2 2
github.com/nambuivu/quiz-server/internal/handler/handler.go:130.49,133.3 2 1
github.com/nambuivu/quiz-server/internal/handler/handler.go:134.2,134.67 1 1
github.com/nambuivu/quiz-server/internal/handler/handler.go:138.72,142.2 3 0
github.com/nambuivu/quiz-server/internal/handler/handler.go:145.71,149.2 3 2
github.com/nambuivu/quiz-server/internal/handler/handler.go:152.69,154.32 2 19
github.com/nambuivu/quiz-server/internal/handler/handler.go:154.32,157.3 2 1
github.com/nambuivu/quiz-server/internal/handler/handler.go:159.2,160.16 2 18
github.com/nambuivu/quiz-server/internal/handler/handler.go:160.16,163.3 2 0
github.com/nambuivu/quiz-server/internal/handler/handler.go:165.2,167.22 3 18
github.com/nambuivu/quiz-server/internal/handler/handler.go:170.61,174.2 3 11
github.com/nambuivu/quiz-server/internal/hub/client.go:29.71,36.2 1 18
github.com/nambuivu/quiz-server/internal/hub/client.go:39.29,40.15 1 18
github.com/nambuivu/quiz-server/internal/hub/client.go:40.15,43.3 2 18
github.com/nambuivu/quiz-server/internal/hub/client.go:45.2,47.43 3 18
github.com/nambuivu/quiz-server/internal/hub/client.go:47.43,49.3 1 0
github.com/nambuivu/quiz-server/internal/hub/client.go:51.2,51.6 1 18
github.com/nambuivu/quiz-server/internal/hub/client.go:51.6,53.17 2 44
github.com/nambuivu/quiz-server/internal/hub/client.go:53.17,54.101 1 18
github.com/nambuivu/quiz-server/internal/hub/client.go:54.101,56.5 1 16
github.com/nambuivu/quiz-server/internal/hub/client.go:57.4,57.10 1 18
github.com/nambuivu/quiz-server/internal/hub/client.go:60.3,61.55 2 26
github.com/nambuivu/quiz-server/internal/hub/client.go:61.55,63.12 2 0
github.com/nambuivu/quiz-server/internal/hub/client.go:66.3,66.31 1 26
github.com/nambuivu/quiz-server/internal/hub/client.go:71.30,73.15 2 18
github.com/nambuivu/quiz-server/internal/hub/client.go:73.15,76.3 2 15
github.com/nambuivu/quiz-server/internal/hub/client.go:78.2,78.6 1 18
github.com/nambuivu/quiz-server/internal/hub/client.go:78.6,79.10 1 77
github.com/nambuivu/quiz-server/internal/hub/client.go:80.32,82.11 2 74
github.com/nambuivu/quiz-server/internal/hub/client.go:82.11,85.5 2 15
github.com/nambuivu/quiz-server/internal/hub/client.go:86.4,86.78 1 59
github.com/nambuivu/quiz-server/internal/hub/client.go:86.78,88.5 1 0
github.com/nambuivu/quiz-server/internal/hub/client.go:89.19,91.74 2 0
github.com/nambuivu/quiz-server/internal/hub/client.go:91.74,93.5 1 0
github.com/nambuivu/quiz-server/internal/hub/client.go:99.36,100.9 1 59
github.com/nambuivu/quiz-server/internal/hub/client.go:101.22,101.22 0 59
github.com/nambuivu/quiz-server/internal/hub/client.go:102.10,103.96 1 0
github.com/nambuivu/quiz-server/internal/hub/client.go:108.60,110.16 2 26
github.com/nambuivu/quiz-server/internal/hub/client.go:110.16,113.3 2 0
github.com/nambuivu/quiz-server/internal/hub/client.go:114.2,120.16 3 26
github.com/nambuivu/quiz-server/internal/hub/client.go:120.16,123.3 2 0
github.com/nambuivu/quiz-server/internal/hub/client.go:124.2,124.14 1 26
github.com/nambuivu/quiz-server/internal/hub/client.go:128.50,130.2 1 7
github.com/nambuivu/quiz-server/internal/hub/hub.go:30.33,35.2 1 18
github.com/nambuivu/quiz-server/internal/hub/hub.go:38.50,40.2 1 18
github.com/nambuivu/quiz-server/internal/hub/hub.go:43.35,47.30 3 15
github.com/nambuivu/quiz-server/internal/hub/hub.go:47.30,49.3 1 12
github.com/nambuivu/quiz-server/internal/hub/hub.go:50.2,53.75 4 15
github.com/nambuivu/quiz-server/internal/hub/hub.go:57.37,61.42 3 18
github.com/nambuivu/quiz-server/internal/hub/hub.go:61.42,62.38 1 15
github.com/nambuivu/quiz-server/internal/hub/hub.go:62.38,66.25 4 15
github.com/nambuivu/quiz-server/internal/hub/hub.go:66.25,68.5 1 12
github.com/nambuivu/quiz-server/internal/hub/hub.go:72.2,72.20 1 18
github.com/nambuivu/quiz-server/internal/hub/hub.go:72.20,78.3 2 15
github.com/nambuivu/quiz-server/internal/hub/hub.go:82.68,86.2 3 26
github.com/nambuivu/quiz-server/internal/hub/hub.go:89.68,91.16 2 41
github.com/nambuivu/quiz-server/internal/hub/hub.go:91.16,94.3 2 0
github.com/nambuivu/quiz-server/internal/hub/hub.go:95.2,101.16 3 41
github.com/nambuivu/quiz-server/internal/hub/hub.go:101.16,104.3 2 0
github.com/nambuivu/quiz-server/internal/hub/hub.go:106.2,107.38 2 41
github.com/nambuivu/quiz-server/internal/hub/hub.go:107.38,109.3 1 33
github.com/nambuivu/quiz-server/internal/hub/hub.go:113.71,117.38 3 0
github.com/nambuivu/quiz-server/internal/hub/hub.go:117.38,118.30 1 0
github.com/nambuivu/quiz-server/internal/hub/hub.go:118.30,121.4 2 0
github.com/nambuivu/quiz-server/internal/hub/hub.go:126.43,130.2 3 0
github.com/nambuivu/quiz-server/internal/hub/hub.go:133.62,134.22 1 26
github.com/nambuivu/quiz-server/internal/hub/hub.go:134.22,137.3 2 0
github.com/nambuivu/quiz-server/internal/hub/hub.go:139.2,141.18 2 26
github.com/nambuivu/quiz-server/internal/hub/hub.go:142.23,144.57 2 15
github.com/nambuivu/quiz-server/internal/hub/hub.go:144.57,147.4 2 0
github.com/nambuivu/quiz-server/internal/hub/hub.go:148.3,148.29 1 15
github.com/nambuivu/quiz-server/internal/hub/hub.go:150.25,152.57 2 2
github.com/nambuivu/quiz-server/internal/hub/hub.go:152.57,155.4 2 0
github.com/nambuivu/quiz-server/internal/hub/hub.go:156.3,156.31 1 2
github.com/nambuivu/quiz-server/internal/hub/hub.go:158.25,160.57 2 8
github.com/nambuivu/quiz-server/internal/hub/hub.go:160.57,163.4 2 0
github.com/nambuivu/quiz-server/internal/hub/hub.go:164.3,164.21 1 8
github.com/nambuivu/quiz-server/internal/hub/hub.go:164.21,167.4 2 1
github.com/nambuivu/quiz-server/internal/hub/hub.go:168.3,168.31 1 7
github.com/nambuivu/quiz-server/internal/hub/hub.go:170.10,171.65 1 1
github.com/nambuivu/quiz-server/internal/metrics/metrics.go:57.13,68.2 1 1
github.com/nambuivu/quiz-server/internal/quiz/data.go:8.44,82.2 1 18
github.com/nambuivu/quiz-server/internal/quiz/service.go:45.86,56.17 2 18
github.com/nambuivu/quiz-server/internal/quiz/service.go:56.17,61.3 4 0
github.com/nambuivu/quiz-server/internal/quiz/service.go:64.2,64.19 1 18
github.com/nambuivu/quiz-server/internal/quiz/service.go:64.19,68.17 4 0
github.com/nambuivu/quiz-server/internal/quiz/service.go:68.17,71.4 2 0
github.com/nambuivu/quiz-server/internal/quiz/service.go:71.9,74.4 2 0
github.com/nambuivu/quiz-server/internal/quiz/service.go:75.8,77.3 1 18
github.com/nambuivu/quiz-server/internal/quiz/service.go:79.2,80.10 2 18
github.com/nambuivu/quiz-server/internal/quiz/service.go:84.50,89.2 4 21
github.com/nambuivu/quiz-server/internal/quiz/service.go:92.50,96.30 4 1
github.com/nambuivu/quiz-server/internal/quiz/service.go:96.30,102.3 1 1
github.com/nambuivu/quiz-server/internal/quiz/service.go:103.2,103.15 1 1
github.com/nambuivu/quiz-server/internal/quiz/service.go:107.50,111.37 3 2
github.com/nambuivu/quiz-server/internal/quiz/service.go:111.37,113.3 1 1
github.com/nambuivu/quiz-server/internal/quiz/service.go:115.2,115.39 1 1
github.com/nambuivu/quiz-server/internal/quiz/service.go:115.39,118.3 2 1
github.com/nambuivu/quiz-server/internal/quiz/service.go:119.2,126.12 6 1
github.com/nambuivu/quiz-server/internal/quiz/service.go:131.71,135.9 3 2
github.com/nambuivu/quiz-server/internal/quiz/service.go:135.9,139.3 3 0
github.com/nambuivu/quiz-server/internal/quiz/service.go:141.2,142.9 2 2
github.com/nambuivu/quiz-server/internal/quiz/service.go:142.9,146.3 3 0
github.com/nambuivu/quiz-server/internal/quiz/service.go:149.2,150.9 2 2
github.com/nambuivu/quiz-server/internal/quiz/service.go:150.9,154.3 3 1
github.com/nambuivu/quiz-server/internal/quiz/service.go:157.2,165.46 5 1
github.com/nambuivu/quiz-server/internal/quiz/service.go:165.46,167.3 1 1
github.com/nambuivu/quiz-server/internal/quiz/service.go:170.2,171.92 2 1
github.com/nambuivu/quiz-server/internal/quiz/service.go:171.92,181.3 2 1
github.com/nambuivu/quiz-server/internal/quiz/service.go:183.2,197.76 4 1
github.com/nambuivu/quiz-server/internal/quiz/service.go:201.67,205.9 3 15
github.com/nambuivu/quiz-server/internal/quiz/service.go:205.9,209.3 3 0
github.com/nambuivu/quiz-server/internal/quiz/service.go:212.2,213.9 2 15
github.com/nambuivu/quiz-server/internal/quiz/service.go:213.9,222.27 3 13
github.com/nambuivu/quiz-server/internal/quiz/service.go:222.27,226.18 4 0
github.com/nambuivu/quiz-server/internal/quiz/service.go:226.18,228.5 1 0
github.com/nambuivu/quiz-server/internal/quiz/service.go:228.10,230.5 1 0
github.com/nambuivu/quiz-server/internal/quiz/service.go:235.2,235.37 1 15
github.com/nambuivu/quiz-server/internal/quiz/service.go:235.37,237.3 1 13
github.com/nambuivu/quiz-server/internal/quiz/service.go:240.2,240.61 1 15
github.com/nambuivu/quiz-server/internal/quiz/service.go:240.61,244.3 3 1
github.com/nambuivu/quiz-server/internal/quiz/service.go:247.2,259.46 6 14
github.com/nambuivu/quiz-server/internal/quiz/service.go:259.46,261.3 1 15
github.com/nambuivu/quiz-server/internal/quiz/service.go:264.2,265.92 2 14
github.com/nambuivu/quiz-server/internal/quiz/service.go:265.92,275.3 2 0
github.com/nambuivu/quiz-server/internal/quiz/service.go:277.2,294.98 5 14
github.com/nambuivu/quiz-server/internal/quiz/service.go:298.71,302.50 4 7
github.com/nambuivu/quiz-server/internal/quiz/service.go:302.50,306.3 3 1
github.com/nambuivu/quiz-server/internal/quiz/service.go:308.2,309.52 2 6
github.com/nambuivu/quiz-server/internal/quiz/service.go:309.52,313.3 3 0
github.com/nambuivu/quiz-server/internal/quiz/service.go:315.2,316.33 2 6
github.com/nambuivu/quiz-server/internal/quiz/service.go:316.33,320.3 3 1
github.com/nambuivu/quiz-server/internal/quiz/service.go:322.2,329.16 6 5
github.com/nambuivu/quiz-server/internal/quiz/service.go:329.16,333.3 3 1
github.com/nambuivu/quiz-server/internal/quiz/service.go:336.2,336.25 1 4
github.com/nambuivu/quiz-server/internal/quiz/service.go:336.25,340.22 4 0
github.com/nambuivu/quiz-server/internal/quiz/service.go:340.22,341.14 1 0
github.com/nambuivu/quiz-server/internal/quiz/service.go:341.14,353.20 4 0
github.com/nambuivu/quiz-server/internal/quiz/service.go:353.20,355.6 1 0
github.com/nambuivu/quiz-server/internal/quiz/service.go:361.2,369.74 5 4
github.com/nambuivu/quiz-server/internal/quiz/service.go:373.50,378.9 4 10
github.com/nambuivu/quiz-server/internal/quiz/service.go:378.9,380.3 1 1
github.com/nambuivu/quiz-server/internal/quiz/service.go:381.2,381.43 1 9
github.com/nambuivu/quiz-server/internal/quiz/service.go:381.43,383.3 1 1
github.com/nambuivu/quiz-server/internal/quiz/service.go:386.2,386.46 1 8
github.com/nambuivu/quiz-server/internal/quiz/service.go:386.46,388.3 1 0
github.com/nambuivu/quiz-server/internal/quiz/service.go:390.2,411.26 9 8
github.com/nambuivu/quiz-server/internal/quiz/service.go:411.26,412.48 1 0
github.com/nambuivu/quiz-server/internal/quiz/service.go:412.48,413.14 1 0
github.com/nambuivu/quiz-server/internal/quiz/service.go:413.14,416.98 3 0
github.com/nambuivu/quiz-server/internal/quiz/service.go:416.98,418.6 1 0
github.com/nambuivu/quiz-server/internal/quiz/service.go:423.2,424.12 2 8
github.com/nambuivu/quiz-server/internal/quiz/service.go:428.71,429.39 1 8
github.com/nambuivu/quiz-server/internal/quiz/service.go:429.39,431.3 1 0
github.com/nambuivu/quiz-server/internal/quiz/service.go:432.2,432.84 1 8
github.com/nambuivu/quiz-server/internal/quiz/service.go:432.84,434.3 1 0
github.com/nambuivu/quiz-server/internal/quiz/service.go:439.50,441.2 1 0
github.com/nambuivu/quiz-server/internal/quiz/service.go:444.50,449.50 4 0
github.com/nambuivu/quiz-server/internal/quiz/service.go:449.50,451.3 1 0
github.com/nambuivu/quiz-server/internal/quiz/service.go:453.2,456.52 3 0
github.com/nambuivu/quiz-server/internal/quiz/service.go:456.52,459.3 2 0
github.com/nambuivu/quiz-server/internal/quiz/service.go:461.2,475.97 5 0
github.com/nambuivu/quiz-server/internal/quiz/service.go:479.47,483.39 3 0
github.com/nambuivu/quiz-server/internal/quiz/service.go:483.39,486.3 2 0
github.com/nambuivu/quiz-server/internal/quiz/service.go:488.2,495.21 4 0
github.com/nambuivu/quiz-server/internal/quiz/service.go:495.21,496.13 1 0
github.com/nambuivu/quiz-server/internal/quiz/service.go:496.13,500.28 3 0
github.com/nambuivu/quiz-server/internal/quiz/service.go:500.28,501.101 1 0
github.com/nambuivu/quiz-server/internal/quiz/service.go:501.101,503.6 1 0
github.com/nambuivu/quiz-server/internal/quiz/service.go:505.4,505.47 1 0
github.com/nambuivu/quiz-server/internal/quiz/service.go:505.47,506.78 1 0
github.com/nambuivu/quiz-server/internal/quiz/service.go:506.78,508.6 1 0
github.com/nambuivu/quiz-server/internal/quiz/service.go:513.2,513.49 1 0
github.com/nambuivu/quiz-server/internal/quiz/service.go:517.73,522.2 4 0
github.com/nambuivu/quiz-server/internal/scoring/memory_leaderboard.go:16.48,20.2 1 18
github.com/nambuivu/quiz-server/internal/scoring/memory_leaderboard.go:23.79,27.29 3 3
github.com/nambuivu/quiz-server/internal/scoring/memory_leaderboard.go:27.29,29.3 1 3
github.com/nambuivu/quiz-server/internal/scoring/memory_leaderboard.go:30.2,31.12 2 3
github.com/nambuivu/quiz-server/internal/scoring/memory_leaderboard.go:35.60,40.2 4 1
github.com/nambuivu/quiz-server/internal/scoring/memory_leaderboard.go:43.77,49.40 5 25
github.com/nambuivu/quiz-server/internal/scoring/memory_leaderboard.go:49.40,51.3 1 7
github.com/nambuivu/quiz-server/internal/scoring/memory_leaderboard.go:53.2,53.52 1 25
github.com/nambuivu/quiz-server/internal/scoring/memory_leaderboard.go:53.52,54.25 1 0
github.com/nambuivu/quiz-server/internal/scoring/memory_leaderboard.go:54.25,56.4 1 0
github.com/nambuivu/quiz-server/internal/scoring/memory_leaderboard.go:57.3,57.11 1 0
github.com/nambuivu/quiz-server/internal/scoring/memory_leaderboard.go:60.2,60.21 1 25
github.com/nambuivu/quiz-server/internal/scoring/redis_leaderboard.go:18.66,20.2 1 0
github.com/nambuivu/quiz-server/internal/scoring/redis_leaderboard.go:22.65,24.2 1 0
github.com/nambuivu/quiz-server/internal/scoring/redis_leaderboard.go:27.78,31.2 3 0
github.com/nambuivu/quiz-server/internal/scoring/redis_leaderboard.go:34.59,38.2 3 0
github.com/nambuivu/quiz-server/internal/scoring/redis_leaderboard.go:41.76,46.16 4 0
github.com/nambuivu/quiz-server/internal/scoring/redis_leaderboard.go:46.16,48.3 1 0
github.com/nambuivu/quiz-server/internal/scoring/redis_leaderboard.go:50.2,51.28 2 0
github.com/nambuivu/quiz-server/internal/scoring/redis_leaderboard.go:51.28,56.3 1 0
github.com/nambuivu/quiz-server/internal/scoring/redis_leaderboard.go:57.2,57.21 1 0
github.com/nambuivu/quiz-server/internal/scoring/service.go:45.53,52.2 1 18
github.com/nambuivu/quiz-server/internal/scoring/service.go:58.177,66.31 4 5
github.com/nambuivu/quiz-server/internal/scoring/service.go:66.31,68.3 1 4
github.com/nambuivu/quiz-server/internal/scoring/service.go:69.2,69.39 1 5
github.com/nambuivu/quiz-server/internal/scoring/service.go:69.39,71.3 1 4
github.com/nambuivu/quiz-server/internal/scoring/service.go:72.2,72.44 1 5
github.com/nambuivu/quiz-server/internal/scoring/service.go:72.44,74.3 1 1
github.com/nambuivu/quiz-server/internal/scoring/service.go:77.2,80.39 3 4
github.com/nambuivu/quiz-server/internal/scoring/service.go:80.39,82.3 1 0
github.com/nambuivu/quiz-server/internal/scoring/service.go:85.2,92.13 5 4
github.com/nambuivu/quiz-server/internal/scoring/service.go:92.13,95.3 2 3
github.com/nambuivu/quiz-server/internal/scoring/service.go:98.2,98.16 1 4
github.com/nambuivu/quiz-server/internal/scoring/service.go:98.16,99.73 1 3
github.com/nambuivu/quiz-server/internal/scoring/service.go:99.73,101.4 1 0
github.com/nambuivu/quiz-server/internal/scoring/service.go:105.2,122.8 3 4
github.com/nambuivu/quiz-server/internal/scoring/service.go:126.59,128.16 2 4
github.com/nambuivu/quiz-server/internal/scoring/service.go:128.16,130.3 1 0
github.com/nambuivu/quiz-server/internal/scoring/service.go:131.2,131.29 1 4
github.com/nambuivu/quiz-server/internal/scoring/service.go:131.29,132.25 1 3
github.com/nambuivu/quiz-server/internal/scoring/service.go:132.25,134.4 1 3
github.com/nambuivu/quiz-server/internal/scoring/service.go:136.2,136.10 1 1
github.com/nambuivu/quiz-server/internal/scoring/service.go:140.40,144.56 4 1
github.com/nambuivu/quiz-server/internal/scoring/service.go:144.56,146.3 1 0
github.com/nambuivu/quiz-server/internal/scoring/service.go:150.75,155.16 4 21
github.com/nambuivu/quiz-server/internal/scoring/service.go:155.16,158.3 2 0
github.com/nambuivu/quiz-server/internal/scoring/service.go:160.2,161.29 2 21
github.com/nambuivu/quiz-server/internal/scoring/service.go:161.29,168.3 1 4
github.com/nambuivu/quiz-server/internal/scoring/service.go:169.2,169.16 1 21
github.com/nambuivu/quiz-server/pkg/middleware/middleware.go:12.64,13.71 1 0
github.com/nambuivu/quiz-server/pkg/middleware/middleware.go:13.71,23.3 4 0
github.com/nambuivu/quiz-server/pkg/middleware/middleware.go:27.65,28.71 1 0
github.com/nambuivu/quiz-server/pkg/middleware/middleware.go:28.71,29.16 1 0
github.com/nambuivu/quiz-server/pkg/middleware/middleware.go:29.16,30.36 1 0
github.com/nambuivu/quiz-server/pkg/middleware/middleware.go:30.36,33.5 2 0
github.com/nambuivu/quiz-server/pkg/middleware/middleware.go:35.3,35.23 1 0
github.com/nambuivu/quiz-server/pkg/middleware/middleware.go:40.43,41.71 1 0
github.com/nambuivu/quiz-server/pkg/middleware/middleware.go:41.71,45.37 4 0
github.com/nambuivu/quiz-server/pkg/middleware/middleware.go:45.37,48.4 2 0
github.com/nambuivu/quiz-server/pkg/middleware/middleware.go:49.3,49.23 1 0
github.com/nambuivu/quiz-server/pkg/middleware/middleware.go:58.49,61.2 2 0
github.com/nambuivu/quiz-server/pkg/middleware/middleware.go:64.71,66.2 1 0
github.com/nambuivu/quiz-server/internal/metrics/metrics.go:57.13,68.2 1 0
github.com/nambuivu/quiz-server/internal/config/config.go:16.20,22.2 1 0
github.com/nambuivu/quiz-server/internal/handler/handler.go:32.121,43.48 1 0
github.com/nambuivu/quiz-server/internal/handler/handler.go:43.48,43.63 1 0
github.com/nambuivu/quiz-server/internal/handler/handler.go:50.54,60.2 9 0
github.com/nambuivu/quiz-server/internal/handler/handler.go:63.66,71.20 6 0
github.com/nambuivu/quiz-server/internal/handler/handler.go:71.20,72.49 1 0
github.com/nambuivu/quiz-server/internal/handler/handler.go:72.49,75.4 2 0
github.com/nambuivu/quiz-server/internal/handler/handler.go:76.8,78.3 1 0
github.com/nambuivu/quiz-server/internal/handler/handler.go:80.2,80.21 1 0
github.com/nambuivu/quiz-server/internal/handler/handler.go:80.21,81.44 1 0
github.com/nambuivu/quiz-server/internal/handler/handler.go:81.44,84.4 2 0
github.com/nambuivu/quiz-server/internal/handler/handler.go:85.8,87.3 1 0
github.com/nambuivu/quiz-server/internal/handler/handler.go:89.2,93.4 1 0
github.com/nambuivu/quiz-server/internal/handler/handler.go:97.71,100.2 2 0
github.com/nambuivu/quiz-server/internal/handler/handler.go:103.68,105.32 2 0
github.com/nambuivu/quiz-server/internal/handler/handler.go:105.32,108.3 2 0
github.com/nambuivu/quiz-server/internal/handler/handler.go:110.2,114.4 2 0
github.com/nambuivu/quiz-server/internal/handler/handler.go:118.69,120.49 2 0
github.com/nambuivu/quiz-server/internal/handler/handler.go:120.49,123.3 2 0
github.com/nambuivu/quiz-server/internal/handler/handler.go:124.2,124.69 1 0
github.com/nambuivu/quiz-server/internal/handler/handler.go:128.69,130.49 2 0
github.com/nambuivu/quiz-server/internal/handler/handler.go:130.49,133.3 2 0
github.com/nambuivu/quiz-server/internal/handler/handler.go:134.2,134.67 1 0
github.com/nambuivu/quiz-server/internal/handler/handler.go:138.72,142.2 3 0
github.com/nambuivu/quiz-server/internal/handler/handler.go:145.71,149.2 3 0
github.com/nambuivu/quiz-server/internal/handler/handler.go:152.69,154.32 2 0
github.com/nambuivu/quiz-server/internal/handler/handler.go:154.32,157.3 2 0
github.com/nambuivu/quiz-server/internal/handler/handler.go:159.2,160.16 2 0
github.com/nambuivu/quiz-server/internal/handler/handler.go:160.16,163.3 2 0
github.com/nambuivu/quiz-server/internal/handler/handler.go:165.2,167.22 3 0
github.com/nambuivu/quiz-server/internal/handler/handler.go:170.61,174.2 3 0
github.com/nambuivu/quiz-server/internal/hub/client.go:29.71,36.2 1 0
github.com/nambuivu/quiz-server/internal/hub/client.go:39.29,40.15 1 0
github.com/nambuivu/quiz-server/internal/hub/client.go:40.15,43.3 2 0
github.com/nambuivu/quiz-server/internal/hub/client.go:45.2,47.43 3 0
github.com/nambuivu/quiz-server/internal/hub/client.go:47.43,49.3 1 0
github.com/nambuivu/quiz-server/internal/hub/client.go:51.2,51.6 1 0
github.com/nambuivu/quiz-server/internal/hub/client.go:51.6,53.17 2 0
github.com/nambuivu/quiz-server/internal/hub/client.go:53.17,54.101 1 0
github.com/nambuivu/quiz-server/internal/hub/client.go:54.101,56.5 1 0
github.com/nambuivu/quiz-server/internal/hub/client.go:57.4,57.10 1 0
github.com/nambuivu/quiz-server/internal/hub/client.go:60.3,61.55 2 0
github.com/nambuivu/quiz-server/internal/hub/client.go:61.55,63.12 2 0
github.com/nambuivu/quiz-server/internal/hub/client.go:66.3,66.31 1 0
github.com/nambuivu/quiz-server/internal/hub/client.go:71.30,73.15 2 0
github.com/nambuivu/quiz-server/internal/hub/client.go:73.15,76.3 2 0
github.com/nambuivu/quiz-server/internal/hub/client.go:78.2,78.6 1 0
github.com/nambuivu/quiz-server/internal/hub/client.go:78.6,79.10 1 0
github.com/nambuivu/quiz-server/internal/hub/client.go:80.32,82.11 2 0
github.com/nambuivu/quiz-server/internal/hub/client.go:82.11,85.5 2 0
github.com/nambuivu/quiz-server/internal/hub/client.go:86.4,86.78 1 0
github.com/nambuivu/quiz-server/internal/hub/client.go:86.78,88.5 1 0
github.com/nambuivu/quiz-server/internal/hub/client.go:89.19,91.74 2 0
github.com/nambuivu/quiz-server/internal/hub/client.go:91.74,93.5 1 0
github.com/nambuivu/quiz-server/internal/hub/client.go:99.36,100.9 1 8
github.com/nambuivu/quiz-server/internal/hub/client.go:101.22,101.22 0 7
github.com/nambuivu/quiz-server/internal/hub/client.go:102.10,103.96 1 1
github.com/nambuivu/quiz-server/internal/hub/client.go:108.60,110.16 2 3
github.com/nambuivu/quiz-server/internal/hub/client.go:110.16,113.3 2 0
github.com/nambuivu/quiz-server/internal/hub/client.go:114.2,120.16 3 3
github.com/nambuivu/quiz-server/internal/hub/client.go:120.16,123.3 2 0
github.com/nambuivu/quiz-server/internal/hub/client.go:124.2,124.14 1 3
github.com/nambuivu/quiz-server/internal/hub/client.go:128.50,130.2 1 2
github.com/nambuivu/quiz-server/internal/hub/hub.go:30.33,35.2 1 11
github.com/nambuivu/quiz-server/internal/hub/hub.go:38.50,40.2 1 2
github.com/nambuivu/quiz-server/internal/hub/hub.go:43.35,47.30 3 10
github.com/nambuivu/quiz-server/internal/hub/hub.go:47.30,49.3 1 7
github.com/nambuivu/quiz-server/internal/hub/hub.go:50.2,53.75 4 10
github.com/nambuivu/quiz-server/internal/hub/hub.go:57.37,61.42 3 3
github.com/nambuivu/quiz-server/internal/hub/hub.go:61.42,62.38 1 2
github.com/nambuivu/quiz-server/internal/hub/hub.go:62.38,66.25 4 2
github.com/nambuivu/quiz-server/internal/hub/hub.go:66.25,68.5 1 1
github.com/nambuivu/quiz-server/internal/hub/hub.go:72.2,72.20 1 3
github.com/nambuivu/quiz-server/internal/hub/hub.go:72.20,78.3 2 2
github.com/nambuivu/quiz-server/internal/hub/hub.go:82.68,86.2 3 1
github.com/nambuivu/quiz-server/internal/hub/hub.go:89.68,91.16 2 3
github.com/nambuivu/quiz-server/internal/hub/hub.go:91.16,94.3 2 0
github.com/nambuivu/quiz-server/internal/hub/hub.go:95.2,101.16 3 3
github.com/nambuivu/quiz-server/internal/hub/hub.go:101.16,104.3 2 0
github.com/nambuivu/quiz-server/internal/hub/hub.go:106.2,107.38 2 3
github.com/nambuivu/quiz-server/internal/hub/hub.go:107.38,109.3 1 3
github.com/nambuivu/quiz-server/internal/hub/hub.go:113.71,117.38 3 2
github.com/nambuivu/quiz-server/internal/hub/hub.go:117.38,118.30 1 2
github.com/nambuivu/quiz-server/internal/hub/hub.go:118.30,121.4 2 1
github.com/nambuivu/quiz-server/internal/hub/hub.go:126.43,130.2 3 9
github.com/nambuivu/quiz-server/internal/hub/hub.go:133.62,134.22 1 5
github.com/nambuivu/quiz-server/internal/hub/hub.go:134.22,137.3 2 1
github.com/nambuivu/quiz-server/internal/hub/hub.go:139.2,141.18 2 4
github.com/nambuivu/quiz-server/internal/hub/hub.go:142.23,144.57 2 2
github.com/nambuivu/quiz-server/internal/hub/hub.go:144.57,147.4 2 1
github.com/nambuivu/quiz-server/internal/hub/hub.go:148.3,148.29 1 1
github.com/nambuivu/quiz-server/internal/hub/hub.go:150.25,152.57 2 1
github.com/nambuivu/quiz-server/internal/hub/hub.go:152.57,155.4 2 0
github.com/nambuivu/quiz-server/internal/hub/hub.go:156.3,156.31 1 1
github.com/nambuivu/quiz-server/internal/hub/hub.go:158.25,160.57 2 1
github.com/nambuivu/quiz-server/internal/hub/hub.go:160.57,163.4 2 0
github.com/nambuivu/quiz-server/internal/hub/hub.go:164.3,164.21 1 1
github.com/nambuivu/quiz-server/internal/hub/hub.go:164.21,167.4 2 0
github.com/nambuivu/quiz-server/internal/hub/hub.go:168.3,168.31 1 1
github.com/nambuivu/quiz-server/internal/hub/hub.go:170.10,171.65 1 0
github.com/nambuivu/quiz-server/internal/metrics/metrics.go:57.13,68.2 1 1
github.com/nambuivu/quiz-server/internal/quiz/data.go:8.44,82.2 1 0
github.com/nambuivu/quiz-server/internal/quiz/service.go:45.86,56.17 2 0
github.com/nambuivu/quiz-server/internal/quiz/service.go:56.17,61.3 4 0
github.com/nambuivu/quiz-server/internal/quiz/service.go:64.2,64.19 1 0
github.com/nambuivu/quiz-server/internal/quiz/service.go:64.19,68.17 4 0
github.com/nambuivu/quiz-server/internal/quiz/service.go:68.17,71.4 2 0
github.com/nambuivu/quiz-server/internal/quiz/service.go:71.9,74.4 2 0
github.com/nambuivu/quiz-server/internal/quiz/service.go:75.8,77.3 1 0
github.com/nambuivu/quiz-server/internal/quiz/service.go:79.2,80.10 2 0
github.com/nambuivu/quiz-server/internal/quiz/service.go:84.50,89.2 4 0
github.com/nambuivu/quiz-server/internal/quiz/service.go:92.50,96.30 4 0
github.com/nambuivu/quiz-server/internal/quiz/service.go:96.30,102.3 1 0
github.com/nambuivu/quiz-server/internal/quiz/service.go:103.2,103.15 1 0
github.com/nambuivu/quiz-server/internal/quiz/service.go:107.50,111.37 3 0
github.com/nambuivu/quiz-server/internal/quiz/service.go:111.37,113.3 1 0
github.com/nambuivu/quiz-server/internal/quiz/service.go:115.2,115.39 1 0
github.com/nambuivu/quiz-server/internal/quiz/service.go:115.39,118.3 2 0
github.com/nambuivu/quiz-server/internal/quiz/service.go:119.2,126.12 6 0
github.com/nambuivu/quiz-server/internal/quiz/service.go:131.71,135.9 3 0
github.com/nambuivu/quiz-server/internal/quiz/service.go:135.9,139.3 3 0
github.com/nambuivu/quiz-server/internal/quiz/service.go:141.2,142.9 2 0
github.com/nambuivu/quiz-server/internal/quiz/service.go:142.9,146.3 3 0
github.com/nambuivu/quiz-server/internal/quiz/service.go:149.2,150.9 2 0
github.com/nambuivu/quiz-server/internal/quiz/service.go:150.9,154.3 3 0
github.com/nambuivu/quiz-server/internal/quiz/service.go:157.2,165.46 5 0
github.com/nambuivu/quiz-server/internal/quiz/service.go:165.46,167.3 1 0
github.com/nambuivu/quiz-server/internal/quiz/service.go:170.2,171.92 2 0
github.com/nambuivu/quiz-server/internal/quiz/service.go:171.92,181.3 2 0
github.com/nambuivu/quiz-server/internal/quiz/service.go:183.2,197.76 4 0
github.com/nambuivu/quiz-server/internal/quiz/service.go:201.67,205.9 3 0
github.com/nambuivu/quiz-server/internal/quiz/service.go:205.9,209.3 3 0
github.com/nambuivu/quiz-server/internal/quiz/service.go:212.2,213.9 2 0
github.com/nambuivu/quiz-server/internal/quiz/service.go:213.9,222.27 3 0
github.com/nambuivu/quiz-server/internal/quiz/service.go:222.27,226.18 4 0
github.com/nambuivu/quiz-server/internal/quiz/service.go:226.18,228.5 1 0
github.com/nambuivu/quiz-server/internal/quiz/service.go:228.10,230.5 1 0
github.com/nambuivu/quiz-server/internal/quiz/service.go:235.2,235.37 1 0
github.com/nambuivu/quiz-server/internal/quiz/service.go:235.37,237.3 1 0
github.com/nambuivu/quiz-server/internal/quiz/service.go:240.2,240.61 1 0
github.com/nambuivu/quiz-server/internal/quiz/service.go:240.61,244.3 3 0
github.com/nambuivu/quiz-server/internal/quiz/service.go:247.2,259.46 6 0
github.com/nambuivu/quiz-server/internal/quiz/service.go:259.46,261.3 1 0
github.com/nambuivu/quiz-server/internal/quiz/service.go:264.2,265.92 2 0
github.com/nambuivu/quiz-server/internal/quiz/service.go:265.92,275.3 2 0
github.com/nambuivu/quiz-server/internal/quiz/service.go:277.2,294.98 5 0
github.com/nambuivu/quiz-server/internal/quiz/service.go:298.71,302.50 4 0
github.com/nambuivu/quiz-server/internal/quiz/service.go:302.50,306.3 3 0
github.com/nambuivu/quiz-server/internal/quiz/service.go:308.2,309.52 2 0
github.com/nambuivu/quiz-server/internal/quiz/service.go:309.52,313.3 3 0
github.com/nambuivu/quiz-server/internal/quiz/service.go:315.2,316.33 2 0
github.com/nambuivu/quiz-server/internal/quiz/service.go:316.33,320.3 3 0
github.com/nambuivu/quiz-server/internal/quiz/service.go:322.2,329.16 6 0
github.com/nambuivu/quiz-server/internal/quiz/service.go:329.16,333.3 3 0
github.com/nambuivu/quiz-server/internal/quiz/service.go:336.2,336.25 1 0
github.com/nambuivu/quiz-server/internal/quiz/service.go:336.25,340.22 4 0
github.com/nambuivu/quiz-server/internal/quiz/service.go:340.22,341.14 1 0
github.com/nambuivu/quiz-server/internal/quiz/service.go:341.14,353.20 4 0
github.com/nambuivu/quiz-server/internal/quiz/service.go:353.20,355.6 1 0
github.com/nambuivu/quiz-server/internal/quiz/service.go:361.2,369.74 5 0
github.com/nambuivu/quiz-server/internal/quiz/service.go:373.50,378.9 4 0
github.com/nambuivu/quiz-server/internal/quiz/service.go:378.9,380.3 1 0
github.com/nambuivu/quiz-server/internal/quiz/service.go:381.2,381.43 1 0
github.com/nambuivu/quiz-server/internal/quiz/service.go:381.43,383.3 1 0
github.com/nambuivu/quiz-server/internal/quiz/service.go:386.2,386.46 1 0
github.com/nambuivu/quiz-server/internal/quiz/service.go:386.46,388.3 1 0
github.com/nambuivu/quiz-server/internal/quiz/service.go:390.2,411.26 9 0
github.com/nambuivu/quiz-server/internal/quiz/service.go:411.26,412.48 1 0
github.com/nambuivu/quiz-server/internal/quiz/service.go:412.48,413.14 1 0
github.com/nambuivu/quiz-server/internal/quiz/service.go:413.14,416.98 3 0
github.com/nambuivu/quiz-server/internal/quiz/service.go:416.98,418.6 1 0
github.com/nambuivu/quiz-server/internal/quiz/service.go:423.2,424.12 2 0
github.com/nambuivu/quiz-server/internal/quiz/service.go:428.71,429.39 1 0
github.com/nambuivu/quiz-server/internal/quiz/service.go:429.39,431.3 1 0
github.com/nambuivu/quiz-server/internal/quiz/service.go:432.2,432.84 1 0
github.com/nambuivu/quiz-server/internal/quiz/service.go:432.84,434.3 1 0
github.com/nambuivu/quiz-server/internal/quiz/service.go:439.50,441.2 1 0
github.com/nambuivu/quiz-server/internal/quiz/service.go:444.50,449.50 4 0
github.com/nambuivu/quiz-server/internal/quiz/service.go:449.50,451.3 1 0
github.com/nambuivu/quiz-server/internal/quiz/service.go:453.2,456.52 3 0
github.com/nambuivu/quiz-server/internal/quiz/service.go:456.52,459.3 2 0
github.com/nambuivu/quiz-server/internal/quiz/service.go:461.2,475.97 5 0
github.com/nambuivu/quiz-server/internal/quiz/service.go:479.47,483.39 3 0
github.com/nambuivu/quiz-server/internal/quiz/service.go:483.39,486.3 2 0
github.com/nambuivu/quiz-server/internal/quiz/service.go:488.2,495.21 4 0
github.com/nambuivu/quiz-server/internal/quiz/service.go:495.21,496.13 1 0
github.com/nambuivu/quiz-server/internal/quiz/service.go:496.13,500.28 3 0
github.com/nambuivu/quiz-server/internal/quiz/service.go:500.28,501.101 1 0
github.com/nambuivu/quiz-server/internal/quiz/service.go:501.101,503.6 1 0
github.com/nambuivu/quiz-server/internal/quiz/service.go:505.4,505.47 1 0
github.com/nambuivu/quiz-server/internal/quiz/service.go:505.47,506.78 1 0
github.com/nambuivu/quiz-server/internal/quiz/service.go:506.78,508.6 1 0
github.com/nambuivu/quiz-server/internal/quiz/service.go:513.2,513.49 1 0
github.com/nambuivu/quiz-server/internal/quiz/service.go:517.73,522.2 4 0
github.com/nambuivu/quiz-server/internal/scoring/memory_leaderboard.go:16.48,20.2 1 0
github.com/nambuivu/quiz-server/internal/scoring/memory_leaderboard.go:23.79,27.29 3 0
github.com/nambuivu/quiz-server/internal/scoring/memory_leaderboard.go:27.29,29.3 1 0
github.com/nambuivu/quiz-server/internal/scoring/memory_leaderboard.go:30.2,31.12 2 0
github.com/nambuivu/quiz-server/internal/scoring/memory_leaderboard.go:35.60,40.2 4 0
github.com/nambuivu/quiz-server/internal/scoring/memory_leaderboard.go:43.77,49.40 5 0
github.com/nambuivu/quiz-server/internal/scoring/memory_leaderboard.go:49.40,51.3 1 0
github.com/nambuivu/quiz-server/internal/scoring/memory_leaderboard.go:53.2,53.52 1 0
github.com/nambuivu/quiz-server/internal/scoring/memory_leaderboard.go:53.52,54.25 1 0
github.com/nambuivu/quiz-server/internal/scoring/memory_leaderboard.go:54.25,56.4 1 0
github.com/nambuivu/quiz-server/internal/scoring/memory_leaderboard.go:57.3,57.11 1 0
github.com/nambuivu/quiz-server/internal/scoring/memory_leaderboard.go:60.2,60.21 1 0
github.com/nambuivu/quiz-server/internal/scoring/redis_leaderboard.go:18.66,20.2 1 0
github.com/nambuivu/quiz-server/internal/scoring/redis_leaderboard.go:22.65,24.2 1 0
github.com/nambuivu/quiz-server/internal/scoring/redis_leaderboard.go:27.78,31.2 3 0
github.com/nambuivu/quiz-server/internal/scoring/redis_leaderboard.go:34.59,38.2 3 0
github.com/nambuivu/quiz-server/internal/scoring/redis_leaderboard.go:41.76,46.16 4 0
github.com/nambuivu/quiz-server/internal/scoring/redis_leaderboard.go:46.16,48.3 1 0
github.com/nambuivu/quiz-server/internal/scoring/redis_leaderboard.go:50.2,51.28 2 0
github.com/nambuivu/quiz-server/internal/scoring/redis_leaderboard.go:51.28,56.3 1 0
github.com/nambuivu/quiz-server/internal/scoring/redis_leaderboard.go:57.2,57.21 1 0
github.com/nambuivu/quiz-server/internal/scoring/service.go:45.53,52.2 1 0
github.com/nambuivu/quiz-server/internal/scoring/service.go:58.177,66.31 4 0
github.com/nambuivu/quiz-server/internal/scoring/service.go:66.31,68.3 1 0
github.com/nambuivu/quiz-server/internal/scoring/service.go:69.2,69.39 1 0
github.com/nambuivu/quiz-server/internal/scoring/service.go:69.39,71.3 1 0
github.com/nambuivu/quiz-server/internal/scoring/service.go:72.2,72.44 1 0
github.com/nambuivu/quiz-server/internal/scoring/service.go:72.44,74.3 1 0
github.com/nambuivu/quiz-server/internal/scoring/service.go:77.2,80.39 3 0
github.com/nambuivu/quiz-server/internal/scoring/service.go:80.39,82.3 1 0
github.com/nambuivu/quiz-server/internal/scoring/service.go:85.2,92.13 5 0
github.com/nambuivu/quiz-server/internal/scoring/service.go:92.13,95.3 2 0
github.com/nambuivu/quiz-server/internal/scoring/service.go:98.2,98.16 1 0
github.com/nambuivu/quiz-server/internal/scoring/service.go:98.16,99.73 1 0
github.com/nambuivu/quiz-server/internal/scoring/service.go:99.73,101.4 1 0
github.com/nambuivu/quiz-server/internal/scoring/service.go:105.2,122.8 3 0
github.com/nambuivu/quiz-server/internal/scoring/service.go:126.59,128.16 2 0
github.com/nambuivu/quiz-server/internal/scoring/service.go:128.16,130.3 1 0
github.com/nambuivu/quiz-server/internal/scoring/service.go:131.2,131.29 1 0
github.com/nambuivu/quiz-server/internal/scoring/service.go:131.29,132.25 1 0
github.com/nambuivu/quiz-server/internal/scoring/service.go:132.25,134.4 1 0
github.com/nambuivu/quiz-server/internal/scoring/service.go:136.2,136.10 1 0
github.com/nambuivu/quiz-server/internal/scoring/service.go:140.40,144.56 4 0
github.com/nambuivu/quiz-server/internal/scoring/service.go:144.56,146.3 1 0
github.com/nambuivu/quiz-server/internal/scoring/service.go:150.75,155.16 4 0
github.com/nambuivu/quiz-server/internal/scoring/service.go:155.16,158.3 2 0
github.com/nambuivu/quiz-server/internal/scoring/service.go:160.2,161.29 2 0
github.com/nambuivu/quiz-server/internal/scoring/service.go:161.29,168.3 1 0
github.com/nambuivu/quiz-server/internal/scoring/service.go:169.2,169.16 1 0
github.com/nambuivu/quiz-server/pkg/middleware/middleware.go:12.64,13.71 1 0
github.com/nambuivu/quiz-server/pkg/middleware/middleware.go:13.71,23.3 4 0
github.com/nambuivu/quiz-server/pkg/middleware/middleware.go:27.65,28.71 1 0
github.com/nambuivu/quiz-server/pkg/middleware/middleware.go:28.71,29.16 1 0
github.com/nambuivu/quiz-server/pkg/middleware/middleware.go:29.16,30.36 1 0
github.com/nambuivu/quiz-server/pkg/middleware/middleware.go:30.36,33.5 2 0
github.com/nambuivu/quiz-server/pkg/middleware/middleware.go:35.3,35.23 1 0
github.com/nambuivu/quiz-server/pkg/middleware/middleware.go:40.43,41.71 1 0
github.com/nambuivu/quiz-server/pkg/middleware/middleware.go:41.71,45.37 4 0
github.com/nambuivu/quiz-server/pkg/middleware/middleware.go:45.37,48.4 2 0
github.com/nambuivu/quiz-server/pkg/middleware/middleware.go:49.3,49.23 1 0
github.com/nambuivu/quiz-server/pkg/middleware/middleware.go:58.49,61.2 2 0
github.com/nambuivu/quiz-server/pkg/middleware/middleware.go:64.71,66.2 1 0
github.com/nambuivu/quiz-server/internal/config/config.go:16.20,22.2 1 0
github.com/nambuivu/quiz-server/internal/handler/handler.go:32.121,43.48 1 0
github.com/nambuivu/quiz-server/internal/handler/handler.go:43.48,43.63 1 0
github.com/nambuivu/quiz-server/internal/handler/handler.go:50.54,60.2 9 0
github.com/nambuivu/quiz-server/internal/handler/handler.go:63.66,71.20 6 0
github.com/nambuivu/quiz-server/internal/handler/handler.go:71.20,72.49 1 0
github.com/nambuivu/quiz-server/internal/handler/handler.go:72.49,75.4 2 0
github.com/nambuivu/quiz-server/internal/handler/handler.go:76.8,78.3 1 0
github.com/nambuivu/quiz-server/internal/handler/handler.go:80.2,80.21 1 0
github.com/nambuivu/quiz-server/internal/handler/handler.go:80.21,81.44 1 0
github.com/nambuivu/quiz-server/internal/handler/handler.go:81.44,84.4 2 0
github.com/nambuivu/quiz-server/internal/handler/handler.go:85.8,87.3 1 0
github.com/nambuivu/quiz-server/internal/handler/handler.go:89.2,93.4 1 0
github.com/nambuivu/quiz-server/internal/handler/handler.go:97.71,100.2 2 0
github.com/nambuivu/quiz-server/internal/handler/handler.go:103.68,105.32 2 0
github.com/nambuivu/quiz-server/internal/handler/handler.go:105.32,108.3 2 0
github.com/nambuivu/quiz-server/internal/handler/handler.go:110.2,114.4 2 0
github.com/nambuivu/quiz-server/internal/handler/handler.go:118.69,120.49 2 0
github.com/nambuivu/quiz-server/internal/handler/handler.go:120.49,123.3 2 0
github.com/nambuivu/quiz-server/internal/handler/handler.go:124.2,124.69 1 0
github.com/nambuivu/quiz-server/internal/handler/handler.go:128.69,130.49 2 0
github.com/nambuivu/quiz-server/internal/handler/handler.go:130.49,133.3 2 0
github.com/nambuivu/quiz-server/internal/handler/handler.go:134.2,134.67 1 0
github.com/nambuivu/quiz-server/internal/handler/handler.go:138.72,142.2 3 0
github.com/nambuivu/quiz-server/internal/handler/handler.go:145.71,149.2 3 0
github.com/nambuivu/quiz-server/internal/handler/handler.go:152.69,154.32 2 0
github.com/nambuivu/quiz-server/internal/handler/handler.go:154.32,157.3 2 0
github.com/nambuivu/quiz-server/internal/handler/handler.go:159.2,160.16 2 0
github.com/nambuivu/quiz-server/internal/handler/handler.go:160.16,163.3 2 0
github.com/nambuivu/quiz-server/internal/handler/handler.go:165.2,167.22 3 0
github.com/nambuivu/quiz-server/internal/handler/handler.go:170.61,174.2 3 0
github.com/nambuivu/quiz-server/internal/hub/client.go:29.71,36.2 1 0
github.com/nambuivu/quiz-server/internal/hub/client.go:39.29,40.15 1 0
github.com/nambuivu/quiz-server/internal/hub/client.go:40.15,43.3 2 0
github.com/nambuivu/quiz-server/internal/hub/client.go:45.2,47.43 3 0
github.com/nambuivu/quiz-server/internal/hub/client.go:47.43,49.3 1 0
github.com/nambuivu/quiz-server/internal/hub/client.go:51.2,51.6 1 0
github.com/nambuivu/quiz-server/internal/hub/client.go:51.6,53.17 2 0
github.com/nambuivu/quiz-server/internal/hub/client.go:53.17,54.101 1 0
github.com/nambuivu/quiz-server/internal/hub/client.go:54.101,56.5 1 0
github.com/nambuivu/quiz-server/internal/hub/client.go:57.4,57.10 1 0
github.com/nambuivu/quiz-server/internal/hub/client.go:60.3,61.55 2 0
github.com/nambuivu/quiz-server/internal/hub/client.go:61.55,63.12 2 0
github.com/nambuivu/quiz-server/internal/hub/client.go:66.3,66.31 1 0
github.com/nambuivu/quiz-server/internal/hub/client.go:71.30,73.15 2 0
github.com/nambuivu/quiz-server/internal/hub/client.go:73.15,76.3 2 0
github.com/nambuivu/quiz-server/internal/hub/client.go:78.2,78.6 1 0
github.com/nambuivu/quiz-server/internal/hub/client.go:78.6,79.10 1 0
github.com/nambuivu/quiz-server/internal/hub/client.go:80.32,82.11 2 0
[...]
github.com/nambuivu/quiz-server/pkg/middleware/middleware.go:13.71,23.3 4 1
github.com/nambuivu/quiz-server/pkg/middleware/middleware.go:27.65,28.71 1 2
github.com/nambuivu/quiz-server/pkg/middleware/middleware.go:28.71,29.16 1 2
github.com/nambuivu/quiz-server/pkg/middleware/middleware.go:29.16,30.36 1 2
github.com/nambuivu/quiz-server/pkg/middleware/middleware.go:30.36,33.5 2 1
github.com/nambuivu/quiz-server/pkg/middleware/middleware.go:35.3,35.23 1 2
github.com/nambuivu/quiz-server/pkg/middleware/middleware.go:40.43,41.71 1 2
github.com/nambuivu/quiz-server/pkg/middleware/middleware.go:41.71,45.37 4 2
github.com/nambuivu/quiz-server/pkg/middleware/middleware.go:45.37,48.4 2 1
github.com/nambuivu/quiz-server/pkg/middleware/middleware.go:49.3,49.23 1 1
github.com/nambuivu/quiz-server/pkg/middleware/middleware.go:58.49,61.2 2 2
github.com/nambuivu/quiz-server/pkg/middleware/middleware.go:64.71,66.2 1 0
github.com/nambuivu/quiz-server/internal/config/config.go:16.20,22.2 1 0
github.com/nambuivu/quiz-server/internal/handler/handler.go:32.121,43.48 1 0
github.com/nambuivu/quiz-server/internal/handler/handler.go:43.48,43.63 1 0
github.com/nambuivu/quiz-server/internal/handler/handler.go:50.54,60.2 9 0
github.com/nambuivu/quiz-server/internal/handler/handler.go:63.66,71.20 6 0
github.com/nambuivu/quiz-server/internal/handler/handler.go:71.20,72.49 1 0
github.com/nambuivu/quiz-server/internal/handler/handler.go:72.49,75.4 2 0
github.com/nambuivu/quiz-server/internal/handler/handler.go:76.8,78.3 1 0
github.com/nambuivu/quiz-server/internal/handler/handler.go:80.2,80.21 1 0
github.com/nambuivu/quiz-server/internal/handler/handler.go:80.21,81.44 1 0
github.com/nambuivu/quiz-server/internal/handler/handler.go:81.44,84.4 2 0
github.com/nambuivu/quiz-server/internal/handler/handler.go:85.8,87.3 1 0
github.com/nambuivu/quiz-server/internal/handler/handler.go:89.2,93.4 1 0
github.com/nambuivu/quiz-server/internal/handler/handler.go:97.71,100.2 2 0
github.com/nambuivu/quiz-server/internal/handler/handler.go:103.68,105.32 2 0
github.com/nambuivu/quiz-server/internal/handler/handler.go:105.32,108.3 2 0
github.com/nambuivu/quiz-server/internal/handler/handler.go:110.2,114.4 2 0
github.com/nambuivu/quiz-server/internal/handler/handler.go:118.69,120.49 2 0
github.com/nambuivu/quiz-server/internal/handler/handler.go:120.49,123.3 2 0
github.com/nambuivu/quiz-server/internal/handler/handler.go:124.2,124.69 1 0
github.com/nambuivu/quiz-server/internal/handler/handler.go:128.69,130.49 2 0
github.com/nambuivu/quiz-server/internal/handler/handler.go:130.49,133.3 2 0
github.com/nambuivu/quiz-server/internal/handler/handler.go:134.2,134.67 1 0
github.com/nambuivu/quiz-server/internal/handler/handler.go:138.72,142.2 3 0
github.com/nambuivu/quiz-server/internal/handler/handler.go:145.71,149.2 3 0
github.com/nambuivu/quiz-server/internal/handler/handler.go:152.69,154.32 2 0
github.com/nambuivu/quiz-server/internal/handler/handler.go:154.32,157.3 2 0
github.com/nambuivu/quiz-server/internal/handler/handler.go:159.2,160.16 2 0
github.com/nambuivu/quiz-server/internal/handler/handler.go:160.16,163.3 2 0
github.com/nambuivu/quiz-server/internal/handler/handler.go:165.2,167.22 3 0
github.com/nambuivu/quiz-server/internal/handler/handler.go:170.61,174.2 3 0
github.com/nambuivu/quiz-server/internal/hub/client.go:29.71,36.2 1 0
github.com/nambuivu/quiz-server/internal/hub/client.go:39.29,40.15 1 0
github.com/nambuivu/quiz-server/internal/hub/client.go:40.15,43.3 2 0
github.com/nambuivu/quiz-server/internal/hub/client.go:45.2,47.43 3 0
github.com/nambuivu/quiz-server/internal/hub/client.go:47.43,49.3 1 0
github.com/nambuivu/quiz-server/internal/hub/client.go:51.2,51.6 1 0
github.com/nambuivu/quiz-server/internal/hub/client.go:51.6,53.17 2 0
github.com/nambuivu/quiz-server/internal/hub/client.go:53.17,54.101 1 0
github.com/nambuivu/quiz-server/internal/hub/client.go:54.101,56.5 1 0
github.com/nambuivu/quiz-server/internal/hub/client.go:57.4,57.10 1 0
github.com/nambuivu/quiz-server/internal/hub/client.go:60.3,61.55 2 0
github.com/nambuivu/quiz-server/internal/hub/client.go:61.55,63.12 2 0
github.com/nambuivu/quiz-server/internal/hub/client.go:66.3,66.31 1 0
github.com/nambuivu/quiz-server/internal/hub/client.go:71.30,73.15 2 0
github.com/nambuivu/quiz-server/internal/hub/client.go:73.15,76.3 2 0
github.com/nambuivu/quiz-server/internal/hub/client.go:78.2,78.6 1 0
github.com/nambuivu/quiz-server/internal/hub/client.go:78.6,79.10 1 0
github.com/nambuivu/quiz-server/internal/hub/client.go:80.32,82.11 2 0
github.com/nambuivu/quiz-server/internal/hub/client.go:82.11,85.5 2 0
github.com/nambuivu/quiz-server/internal/hub/client.go:86.4,86.78 1 0
github.com/nambuivu/quiz-server/internal/hub/client.go:86.78,88.5 1 0
github.com/nambuivu/quiz-server/internal/hub/client.go:89.19,91.74 2 0
github.com/nambuivu/quiz-server/internal/hub/client.go:91.74,93.5 1 0
github.com/nambuivu/quiz-server/internal/hub/client.go:99.36,100.9 1 0
github.com/nambuivu/quiz-server/internal/hub/client.go:101.22,101.22 0 0
github.com/nambuivu/quiz-server/internal/hub/client.go:102.10,103.96 1 0
github.com/nambuivu/quiz-server/internal/hub/client.go:108.60,110.16 2 0
github.com/nambuivu/quiz-server/internal/hub/client.go:110.16,113.3 2 0
github.com/nambuivu/quiz-server/internal/hub/client.go:114.2,120.16 3 0
github.com/nambuivu/quiz-server/internal/hub/client.go:120.16,123.3 2 0
github.com/nambuivu/quiz-server/internal/hub/client.go:124.2,124.14 1 0
github.com/nambuivu/quiz-server/internal/hub/client.go:128.50,130.2 1 0
github.com/nambuivu/quiz-server/internal/hub/hub.go:30.33,35.2 1 16
github.com/nambuivu/quiz-server/internal/hub/hub.go:38.50,40.2 1 16
github.com/nambuivu/quiz-server/internal/hub/hub.go:43.35,47.30 3 0
github.com/nambuivu/quiz-server/internal/hub/hub.go:47.30,49.3 1 0
github.com/nambuivu/quiz-server/internal/hub/hub.go:50.2,53.75 4 0
github.com/nambuivu/quiz-server/internal/hub/hub.go:57.37,61.42 3 0
github.com/nambuivu/quiz-server/internal/hub/hub.go:61.42,62.38 1 0
github.com/nambuivu/quiz-server/internal/hub/hub.go:62.38,66.25 4 0
github.com/nambuivu/quiz-server/internal/hub/hub.go:66.25,68.5 1 0
github.com/nambuivu/quiz-server/internal/hub/hub.go:72.2,72.20 1 0
github.com/nambuivu/quiz-server/internal/hub/hub.go:72.20,78.3 2 0
github.com/nambuivu/quiz-server/internal/hub/hub.go:82.68,86.2 3 11
github.com/nambuivu/quiz-server/internal/hub/hub.go:89.68,91.16 2 11
github.com/nambuivu/quiz-server/internal/hub/hub.go:91.16,94.3 2 0
github.com/nambuivu/quiz-server/internal/hub/hub.go:95.2,101.16 3 11
github.com/nambuivu/quiz-server/internal/hub/hub.go:101.16,104.3 2 0
github.com/nambuivu/quiz-server/internal/hub/hub.go:106.2,107.38 2 11
github.com/nambuivu/quiz-server/internal/hub/hub.go:107.38,109.3 1 0
github.com/nambuivu/quiz-server/internal/hub/hub.go:113.71,117.38 3 0
github.com/nambuivu/quiz-server/internal/hub/hub.go:117.38,118.30 1 0
github.com/nambuivu/quiz-server/internal/hub/hub.go:118.30,121.4 2 0
github.com/nambuivu/quiz-server/internal/hub/hub.go:126.43,130.2 3 0
github.com/nambuivu/quiz-server/internal/hub/hub.go:133.62,134.22 1 0
github.com/nambuivu/quiz-server/internal/hub/hub.go:134.22,137.3 2 0
github.com/nambuivu/quiz-server/internal/hub/hub.go:139.2,141.18 2 0
github.com/nambuivu/quiz-server/internal/hub/hub.go:142.23,144.57 2 0
github.com/nambuivu/quiz-server/internal/hub/hub.go:144.57,147.4 2 0
github.com/nambuivu/quiz-server/internal/hub/hub.go:148.3,148.29 1 0
github.com/nambuivu/quiz-server/internal/hub/hub.go:150.25,152.57 2 0
github.com/nambuivu/quiz-server/internal/hub/hub.go:152.57,155.4 2 0
github.com/nambuivu/quiz-server/internal/hub/hub.go:156.3,156.31 1 0
github.com/nambuivu/quiz-server/internal/hub/hub.go:158.25,160.57 2 0
github.com/nambuivu/quiz-server/internal/hub/hub.go:160.57,163.4 2 0
github.com/nambuivu/quiz-server/internal/hub/hub.go:164.3,164.21 1 0
github.com/nambuivu/quiz-server/internal/hub/hub.go:164.21,167.4 2 0
github.com/nambuivu/quiz-server/internal/hub/hub.go:168.3,168.31 1 0
github.com/nambuivu/quiz-server/internal/hub/hub.go:170.10,171.65 1 0
github.com/nambuivu/quiz-server/internal/metrics/metrics.go:57.13,68.2 1 1
github.com/nambuivu/quiz-server/internal/quiz/data.go:8.44,82.2 1 16
github.com/nambuivu/quiz-server/internal/quiz/service.go:45.86,56.17 2 16
github.com/nambuivu/quiz-server/internal/quiz/service.go:56.17,61.3 4 4
github.com/nambuivu/quiz-server/internal/quiz/service.go:64.2,64.19 1 16
github.com/nambuivu/quiz-server/internal/quiz/service.go:64.19,68.17 4 2
github.com/nambuivu/quiz-server/internal/quiz/service.go:68.17,71.4 2 1
github.com/nambuivu/quiz-server/internal/quiz/service.go:71.9,74.4 2 1
github.com/nambuivu/quiz-server/internal/quiz/service.go:75.8,77.3 1 14
github.com/nambuivu/quiz-server/internal/quiz/service.go:79.2,80.10 2 16
github.com/nambuivu/quiz-server/internal/quiz/service.go:84.50,89.2 4 6
github.com/nambuivu/quiz-server/internal/quiz/service.go:92.50,96.30 4 0
github.com/nambuivu/quiz-server/internal/quiz/service.go:96.30,102.3 1 0
github.com/nambuivu/quiz-server/internal/quiz/service.go:103.2,103.15 1 0
github.com/nambuivu/quiz-server/internal/quiz/service.go:107.50,111.37 3 0
github.com/nambuivu/quiz-server/internal/quiz/service.go:111.37,113.3 1 0
github.com/nambuivu/quiz-server/internal/quiz/service.go:115.2,115.39 1 0
github.com/nambuivu/quiz-server/internal/quiz/service.go:115.39,118.3 2 0
github.com/nambuivu/quiz-server/internal/quiz/service.go:119.2,126.12 6 0
github.com/nambuivu/quiz-server/internal/quiz/service.go:131.71,135.9 3 0
github.com/nambuivu/quiz-server/internal/quiz/service.go:135.9,139.3 3 0
github.com/nambuivu/quiz-server/internal/quiz/service.go:141.2,142.9 2 0
github.com/nambuivu/quiz-server/internal/quiz/service.go:142.9,146.3 3 0
github.com/nambuivu/quiz-server/internal/quiz/service.go:149.2,150.9 2 0
github.com/nambuivu/quiz-server/internal/quiz/service.go:150.9,154.3 3 0
github.com/nambuivu/quiz-server/internal/quiz/service.go:157.2,165.46 5 0
github.com/nambuivu/quiz-server/internal/quiz/service.go:165.46,167.3 1 0
github.com/nambuivu/quiz-server/internal/quiz/service.go:170.2,171.92 2 0
github.com/nambuivu/quiz-server/internal/quiz/service.go:171.92,181.3 2 0
github.com/nambuivu/quiz-server/internal/quiz/service.go:183.2,197.76 4 0
github.com/nambuivu/quiz-server/internal/quiz/service.go:201.67,205.9 3 0
github.com/nambuivu/quiz-server/internal/quiz/service.go:205.9,209.3 3 0
github.com/nambuivu/quiz-server/internal/quiz/service.go:212.2,213.9 2 0
github.com/nambuivu/quiz-server/internal/quiz/service.go:213.9,222.27 3 0
github.com/nambuivu/quiz-server/internal/quiz/service.go:222.27,226.18 4 0
github.com/nambuivu/quiz-server/internal/quiz/service.go:226.18,228.5 1 0
github.com/nambuivu/quiz-server/internal/quiz/service.go:228.10,230.5 1 0
github.com/nambuivu/quiz-server/internal/quiz/service.go:235.2,235.37 1 0
github.com/nambuivu/quiz-server/internal/quiz/service.go:235.37,237.3 1 0
github.com/nambuivu/quiz-server/internal/quiz/service.go:240.2,240.61 1 0
github.com/nambuivu/quiz-server/internal/quiz/service.go:240.61,244.3 3 0
github.com/nambuivu/quiz-server/internal/quiz/service.go:247.2,259.46 6 0
github.com/nambuivu/quiz-server/internal/quiz/service.go:259.46,261.3 1 0
github.com/nambuivu/quiz-server/internal/quiz/service.go:264.2,265.92 2 0
github.com/nambuivu/quiz-server/internal/quiz/service.go:265.92,275.3 2 0
github.com/nambuivu/quiz-server/internal/quiz/service.go:277.2,294.98 5 0
github.com/nambuivu/quiz-server/internal/quiz/service.go:298.71,302.50 4 0
github.com/nambuivu/quiz-server/internal/quiz/service.go:302.50,306.3 3 0
github.com/nambuivu/quiz-server/internal/quiz/service.go:308.2,309.52 2 0
github.com/nambuivu/quiz-server/internal/quiz/service.go:309.52,313.3 3 0
github.com/nambuivu/quiz-server/internal/quiz/service.go:315.2,316.33 2 0
github.com/nambuivu/quiz-server/internal/quiz/service.go:316.33,320.3 3 0
github.com/nambuivu/quiz-server/internal/quiz/service.go:322.2,329.16 6 0
github.com/nambuivu/quiz-server/internal/quiz/service.go:329.16,333.3 3 0
github.com/nambuivu/quiz-server/internal/quiz/service.go:336.2,336.25 1 0
github.com/nambuivu/quiz-server/internal/quiz/service.go:336.25,340.22 4 0
github.com/nambuivu/quiz-server/internal/quiz/service.go:340.22,341.14 1 0
github.com/nambuivu/quiz-server/internal/quiz/service.go:341.14,353.20 4 0
github.com/nambuivu/quiz-server/internal/quiz/service.go:353.20,355.6 1 0
github.com/nambuivu/quiz-server/internal/quiz/service.go:361.2,369.74 5 0
github.com/nambuivu/quiz-server/internal/quiz/service.go:373.50,378.9 4 6
github.com/nambuivu/quiz-server/internal/quiz/service.go:378.9,380.3 1 2
github.com/nambuivu/quiz-server/internal/quiz/service.go:381.2,381.43 1 4
github.com/nambuivu/quiz-server/internal/quiz/service.go:381.43,383.3 1 1
github.com/nambuivu/quiz-server/internal/quiz/service.go:386.2,386.46 1 3
github.com/nambuivu/quiz-server/internal/quiz/service.go:386.46,388.3 1 0
github.com/nambuivu/quiz-server/internal/quiz/service.go:390.2,411.26 9 3
github.com/nambuivu/quiz-server/internal/quiz/service.go:411.26,412.48 1 1
github.com/nambuivu/quiz-server/internal/quiz/service.go:412.48,413.14 1 1
github.com/nambuivu/quiz-server/internal/quiz/service.go:413.14,416.98 3 1
github.com/nambuivu/quiz-server/internal/quiz/service.go:416.98,418.6 1 0
github.com/nambuivu/quiz-server/internal/quiz/service.go:423.2,424.12 2 3
github.com/nambuivu/quiz-server/internal/quiz/service.go:428.71,429.39 1 8
github.com/nambuivu/quiz-server/internal/quiz/service.go:429.39,431.3 1 3
github.com/nambuivu/quiz-server/internal/quiz/service.go:432.2,432.84 1 8
github.com/nambuivu/quiz-server/internal/quiz/service.go:432.84,434.3 1 4
github.com/nambuivu/quiz-server/internal/quiz/service.go:439.50,441.2 1 0
github.com/nambuivu/quiz-server/internal/quiz/service.go:444.50,449.50 4 8
github.com/nambuivu/quiz-server/internal/quiz/service.go:449.50,451.3 1 2
github.com/nambuivu/quiz-server/internal/quiz/service.go:453.2,456.52 3 6
github.com/nambuivu/quiz-server/internal/quiz/service.go:456.52,459.3 2 2
github.com/nambuivu/quiz-server/internal/quiz/service.go:461.2,475.97 5 4
github.com/nambuivu/quiz-server/internal/quiz/service.go:479.47,483.39 3 4
github.com/nambuivu/quiz-server/internal/quiz/service.go:483.39,486.3 2 1
github.com/nambuivu/quiz-server/internal/quiz/service.go:488.2,495.21 4 4
github.com/nambuivu/quiz-server/internal/quiz/service.go:495.21,496.13 1 1
github.com/nambuivu/quiz-server/internal/quiz/service.go:496.13,500.28 3 1
github.com/nambuivu/quiz-server/internal/quiz/service.go:500.28,501.101 1 1
github.com/nambuivu/quiz-server/internal/quiz/service.go:501.101,503.6 1 0
github.com/nambuivu/quiz-server/internal/quiz/service.go:505.4,505.47 1 1
github.com/nambuivu/quiz-server/internal/quiz/service.go:505.47,506.78 1 0
github.com/nambuivu/quiz-server/internal/quiz/service.go:506.78,508.6 1 0
github.com/nambuivu/quiz-server/internal/quiz/service.go:513.2,513.49 1 4
github.com/nambuivu/quiz-server/internal/quiz/service.go:517.73,522.2 4 5
github.com/nambuivu/quiz-server/internal/scoring/memory_leaderboard.go:16.48,20.2 1 16
github.com/nambuivu/quiz-server/internal/scoring/memory_leaderboard.go:23.79,27.29 3 0
github.com/nambuivu/quiz-server/internal/scoring/memory_leaderboard.go:27.29,29.3 1 0
github.com/nambuivu/quiz-server/internal/scoring/memory_leaderboard.go:30.2,31.12 2 0
github.com/nambuivu/quiz-server/internal/scoring/memory_leaderboard.go:35.60,40.2 4 0
github.com/nambuivu/quiz-server/internal/scoring/memory_leaderboard.go:43.77,49.40 5 4
github.com/nambuivu/quiz-server/internal/scoring/memory_leaderboard.go:49.40,51.3 1 0
github.com/nambuivu/quiz-server/internal/scoring/memory_leaderboard.go:53.2,53.52 1 4
github.com/nambuivu/quiz-server/internal/scoring/memory_leaderboard.go:53.52,54.25 1 0
github.com/nambuivu/quiz-server/internal/scoring/memory_leaderboard.go:54.25,56.4 1 0
github.com/nambuivu/quiz-server/internal/scoring/memory_leaderboard.go:57.3,57.11 1 0
github.com/nambuivu/quiz-server/internal/scoring/memory_leaderboard.go:60.2,60.21 1 4
github.com/nambuivu/quiz-server/internal/scoring/redis_leaderboard.go:18.66,20.2 1 0
github.com/nambuivu/quiz-server/internal/scoring/redis_leaderboard.go:22.65,24.2 1 0
github.com/nambuivu/quiz-server/internal/scoring/redis_leaderboard.go:27.78,31.2 3 0
github.com/nambuivu/quiz-server/internal/scoring/redis_leaderboard.go:34.59,38.2 3 0
github.com/nambuivu/quiz-server/internal/scoring/redis_leaderboard.go:41.76,46.16 4 0
github.com/nambuivu/quiz-server/internal/scoring/redis_leaderboard.go:46.16,48.3 1 0
github.com/nambuivu/quiz-server/internal/scoring/redis_leaderboard.go:50.2,51.28 2 0
github.com/nambuivu/quiz-server/internal/scoring/redis_leaderboard.go:51.28,56.3 1 0
github.com/nambuivu/quiz-server/internal/scoring/redis_leaderboard.go:57.2,57.21 1 0
github.com/nambuivu/quiz-server/internal/scoring/service.go:45.53,52.2 1 16
github.com/nambuivu/quiz-server/internal/scoring/service.go:58.177,66.31 4 0
github.com/nambuivu/quiz-server/internal/scoring/service.go:66.31,68.3 1 0
github.com/nambuivu/quiz-server/internal/scoring/service.go:69.2,69.39 1 0
github.com/nambuivu/quiz-server/internal/scoring/service.go:69.39,71.3 1 0
github.com/nambuivu/quiz-server/internal/scoring/service.go:72.2,72.44 1 0
github.com/nambuivu/quiz-server/internal/scoring/service.go:72.44,74.3 1 0
github.com/nambuivu/quiz-server/internal/scoring/service.go:77.2,80.39 3 0
github.com/nambuivu/quiz-server/internal/scoring/service.go:80.39,82.3 1 0
github.com/nambuivu/quiz-server/internal/scoring/service.go:85.2,92.13 5 0
github.com/nambuivu/quiz-server/internal/scoring/service.go:92.13,95.3 2 0
github.com/nambuivu/quiz-server/internal/scoring/service.go:98.2,98.16 1 0
github.com/nambuivu/quiz-server/internal/scoring/service.go:98.16,99.73 1 0
github.com/nambuivu/quiz-server/internal/scoring/service.go:99.73,101.4 1 0
github.com/nambuivu/quiz-server/internal/scoring/service.go:105.2,122.8 3 0
github.com/nambuivu/quiz-server/internal/scoring/service.go:126.59,128.16 2 0
github.com/nambuivu/quiz-server/internal/scoring/service.go:128.16,130.3 1 0
github.com/nambuivu/quiz-server/internal/scoring/service.go:131.2,131.29 1 0
github.com/nambuivu/quiz-server/internal/scoring/service.go:131.29,132.25 1 0
github.com/nambuivu/quiz-server/internal/scoring/service.go:132.25,134.4 1 0
github.com/nambuivu/quiz-server/internal/scoring/service.go:136.2,136.10 1 0
github.com/nambuivu/quiz-server/internal/scoring/service.go:140.40,144.56 4 0
github.com/nambuivu/quiz-server/internal/scoring/service.go:144.56,146.3 1 0
github.com/nambuivu/quiz-server/internal/scoring/service.go:150.75,155.16 4 4
github.com/nambuivu/quiz-server/internal/scoring/service.go:155.16,158.3 2 0
github.com/nambuivu/quiz-server/internal/scoring/service.go:160.2,161.29 2 4
github.com/nambuivu/quiz-server/internal/scoring/service.go:161.29,168.3 1 0
github.com/nambuivu/quiz-server/internal/scoring/service.go:169.2,169.16 1 4
github.com/nambuivu/quiz-server/pkg/middleware/middleware.go:12.64,13.71 1 0
github.com/nambuivu/quiz-server/pkg/middleware/middleware.go:13.71,23.3 4 0
github.com/nambuivu/quiz-server/pkg/middleware/middleware.go:27.65,28.71 1 0
github.com/nambuivu/quiz-server/pkg/middleware/middleware.go:28.71,29.16 1 0
github.com/nambuivu/quiz-server/pkg/middleware/middleware.go:29.16,30.36 1 0
github.com/nambuivu/quiz-server/pkg/middleware/middleware.go:30.36,33.5 2 0
github.com/nambuivu/quiz-server/pkg/middleware/middleware.go:35.3,35.23 1 0
github.com/nambuivu/quiz-server/pkg/middleware/middleware.go:40.43,41.71 1 0
github.com/nambuivu/quiz-server/pkg/middleware/middleware.go:41.71,45.37 4 0
github.com/nambuivu/quiz-server/pkg/middleware/middleware.go:45.37,48.4 2 0
github.com/nambuivu/quiz-server/pkg/middleware/middleware.go:49.3,49.23 1 0
github.com/nambuivu/quiz-server/pkg/middleware/middleware.go:58.49,61.2 2 0
github.com/nambuivu/quiz-server/pkg/middleware/middleware.go:64.71,66.2 1 0
